2021-06-13 20:27:22,766	archit47	hosting esl OOOO
2021-06-13 20:27:29,127	2020numbers	PepoCheer
2021-06-13 20:28:07,087	gellybellly	paapoWeird
2021-06-13 20:28:33,445	2020numbers	welp sadgeBusinessTime
2021-06-13 20:28:38,371	gellybellly	PepoCheer gambit
2021-06-13 20:28:50,557	chosendew	fl0mPOGGERS
2021-06-13 20:29:05,564	tundraez	just opened 8 cases because of fl0m. can confirm that he is just built different #8Blues
2021-06-13 20:29:17,396	2020numbers	monkaW
2021-06-13 20:29:18,364	archit47	opening cases KEKPOINT
2021-06-13 20:29:21,209	gellybellly	KEKPOINT @tundraez
2021-06-13 20:29:25,867	tundraez	lmaoooo
2021-06-13 20:29:27,187	gellybellly	get rekt
2021-06-13 20:30:10,587	2020numbers	monkaS shiro
2021-06-13 20:30:17,004	redsunsx01x	farming some channel points!
2021-06-13 20:30:19,246	gellybellly	sh1r OOOO
2021-06-13 20:30:26,051	archit47	If you are getting blues maybe that's because fl0m already used all the luck Kappa
2021-06-13 20:30:37,792	2020numbers	fl0mSmorting
2021-06-13 20:30:38,528	gellybellly	oh true^
2021-06-13 20:30:59,518	tundraez	tru @Archit47
2021-06-13 20:31:08,890	18blank	OT script in coming
2021-06-13 20:31:35,287	redsunsx01x	woah...they got past the 12-16 conundrum
2021-06-13 20:31:44,393	gellybellly	%? 69
2021-06-13 20:31:44,728	nightbot	Joris says 82%
2021-06-13 20:31:53,862	gellybellly	!1deag
2021-06-13 20:31:54,387	nightbot	gellybellly pops a 1deag on lxrru 1TAP
2021-06-13 20:32:24,382	gellybellly	monkaW
2021-06-13 20:32:32,812	archit47	OT INC OOOO
2021-06-13 20:32:33,380	2020numbers	monkaW
2021-06-13 20:32:45,435	gellybellly	OT KEKW
2021-06-13 20:32:46,668	2020numbers	HandsUp
2021-06-13 20:33:01,980	archit47	no money for gambit now KEKW
2021-06-13 20:33:02,497	gellybellly	PepoDance
2021-06-13 20:33:13,593	nightbot	fl0m is now officially sponsored by GFUEL! Save 30% on your purchase by following the link and using code "DMCA" or "fl0m" at checkout! https://gfuel.com/pages/fl0m
2021-06-13 20:33:41,738	gellybellly	!1deag
2021-06-13 20:33:42,104	nightbot	gellybellly pops a 1deag on delteerdatap8 1TAP
2021-06-13 20:34:04,384	2020numbers	timeout? fl0mW
2021-06-13 20:34:04,730	moobot	blue_circle:
2021-06-13 20:34:11,779	nightbot	Follow the link to join fl0m's discord and come hang out with his ever growing community https://discord.gg/fl0m | Make sure to link your twitch to discord if you're a sub!
2021-06-13 20:34:12,157	suprauk_	D: T PauseFish
2021-06-13 20:34:17,535	suprauk_	plz get us out of this map
2021-06-13 20:34:20,186	cornandtaters	interz having a bad day?
2021-06-13 20:34:22,924	2020numbers	pepeLaughing
2021-06-13 20:34:34,541	ridiculouszz	Resident sleeper KEKW
2021-06-13 20:35:11,556	2020numbers	i mean, supra .... next map is D2 .... ResidentSleeper better than this though imo opinion
2021-06-13 20:35:25,339	suprauk_	naah i quite like d2, i hate mirage
2021-06-13 20:35:29,025	archit47	imo opinion KEKPOINT
2021-06-13 20:35:49,713	2020numbers	YEP supra as a silver, D2 is my playground haHAA
2021-06-13 20:36:13,212	archit47	rip gg
2021-06-13 20:36:16,090	2020numbers	KEKWait
2021-06-13 20:36:19,759	2020numbers	ok dude
2021-06-13 20:36:21,005	r8yan88	NotLikeThis
2021-06-13 20:36:22,231	archit47	no OT script D:
2021-06-13 20:36:42,699	2020numbers	welp supra we're done
2021-06-13 20:36:51,239	suprauk_	thank god
2021-06-13 20:36:53,808	2020numbers	peepoGiggles
2021-06-13 20:37:05,213	jooosy_	smh my head 2020numbers
2021-06-13 20:37:19,000	2020numbers	PauseFish
2021-06-13 20:37:25,643	bolottekid	no more mirage HandsUp
2021-06-13 20:37:48,488	suprauk_	lets get it, de_residentsleeper2 peepoGamble
2021-06-13 20:38:09,250	2020numbers	peepoGiggles
2021-06-13 20:38:21,102	gellybellly	!1deag
2021-06-13 20:38:21,617	nightbot	gellybellly pops a 1deag on gellybellly 1TAP
2021-06-13 20:38:27,361	gellybellly	D:
2021-06-13 20:38:31,067	2020numbers	D:
2021-06-13 20:38:33,728	2020numbers	WTFF
2021-06-13 20:38:42,175	dweevers	paapoWeird gellybellly
2021-06-13 20:38:42,505	gellybellly	pepeLaughing
2021-06-13 20:38:44,427	archit47	KEKPOINT gellybelly
2021-06-13 20:38:59,927	gellybellly	WeirdEyes
2021-06-13 20:39:50,055	chosendew	KEKWait
2021-06-13 20:40:12,245	gellybellly	!1deag
2021-06-13 20:40:12,731	nightbot	gellybellly pops a 1deag on angelthumpdev 1TAP
2021-06-13 20:40:14,213	nightbot	Follow the link to join fl0m's discord and come hang out with his ever growing community https://discord.gg/fl0m | Make sure to link your twitch to discord if you're a sub!
2021-06-13 20:40:54,293	gellybellly	RareFl0m
2021-06-13 20:41:01,622	jooosy_	you can deag yourself POGGIES
2021-06-13 20:41:08,352	gellybellly	NODDERS
2021-06-13 20:41:35,088	gellybellly	casters paapoWeird
2021-06-13 20:42:17,395	gellybellly	!1deag
2021-06-13 20:42:17,913	nightbot	gellybellly pops a 1deag on shadow743 1TAP
2021-06-13 20:42:42,092	suprauk_	10 mins peepoGamble come lose all your points
2021-06-13 20:42:55,095	archit47	HYPERNODDERS lose points
2021-06-13 20:42:58,694	gellybellly	Sadge I cant gamble
2021-06-13 20:43:05,204	gellybellly	Rainge
2021-06-13 20:43:05,537	2020numbers	NotLikeThis we need another flume tweet for the degens like myself sadgeBusinessTime
2021-06-13 20:43:09,946	speedrulez	supra gtrH
2021-06-13 20:43:10,270	f1nitecs	GM dweevers
2021-06-13 20:43:12,616	archit47	what country gelly
2021-06-13 20:43:15,003	speedrulez	gellybellly, BLELELE
2021-06-13 20:43:15,657	suprauk_	gtrH 🥔
2021-06-13 20:43:19,472	speedrulez	archit47, fl0mHi
2021-06-13 20:43:20,868	speedrulez	f1nitecs, PeepoJuice
2021-06-13 20:43:21,231	gellybellly	SPUD BLELELE
2021-06-13 20:43:21,691	f1nitecs	Hi Sboob PeepoJuice
2021-06-13 20:43:25,224	2020numbers	POGGIES 🥔 speedr25H
2021-06-13 20:43:26,772	archit47	Spud MLADY
2021-06-13 20:43:28,934	speedrulez	YEP sboob
2021-06-13 20:43:33,512	gellybellly	@archit47 shitty ass country smileW
2021-06-13 20:43:34,700	speedrulez	2020numbers, POGGIES
2021-06-13 20:43:41,762	gellybellly	!1deag
2021-06-13 20:43:42,277	nightbot	gellybellly pops a 1deag on qtmtk 1TAP
2021-06-13 20:43:52,188	archit47	@gellybellly still which one if u don't mind
2021-06-13 20:44:05,288	gellybellly	SEA
2021-06-13 20:44:05,717	moobot	blue_circle:
2021-06-13 20:44:06,586	speedrulez	anyone wanna BLELELE ?
2021-06-13 20:44:09,592	archit47	oh
2021-06-13 20:44:10,082	speedrulez	PauseFish
2021-06-13 20:44:15,753	f1nitecs	no
2021-06-13 20:44:16,083	gellybellly	YEP
2021-06-13 20:44:17,733	2020numbers	modCheck
2021-06-13 20:44:20,361	f1nitecs	but I'll fl0mLELELE
2021-06-13 20:44:20,688	2020numbers	BLELELE
2021-06-13 20:44:24,047	speedrulez	POGGIES BLELELE
2021-06-13 20:44:27,126	priiide_	hi chat peepoHappy
2021-06-13 20:44:27,464	gellybellly	@speedrulez PepeSpit
2021-06-13 20:44:28,044	speedrulez	fl0mLELELE
2021-06-13 20:44:31,586	speedrulez	gellybellly, PepeSpit
2021-06-13 20:44:34,366	archit47	fl0mLELELE
2021-06-13 20:44:39,757	zeerorg	OG COPIUM
2021-06-13 20:44:42,668	speedrulez	priiide_, fl0mHi
2021-06-13 20:44:52,861	speedrulez	%? gelly looks PogTasty
2021-06-13 20:44:54,004	nightbot	Joris says 30%
2021-06-13 20:44:54,349	gellybellly	OG KEKW
2021-06-13 20:44:55,304	jooosy_	BLANKIES
2021-06-13 20:44:56,378	speedrulez	KEKW
2021-06-13 20:44:58,332	speedrulez	KEKWait
2021-06-13 20:44:59,797	speedrulez	30%
2021-06-13 20:45:00,368	gellybellly	KEKW
2021-06-13 20:45:06,134	priiide_	KEKWait
2021-06-13 20:45:06,473	dweevers	peepoPat Speedrulez
2021-06-13 20:45:07,054	brotherjon	@gellybellly peepoHug
2021-06-13 20:45:10,821	speedrulez	dweevers, peepoPat
2021-06-13 20:45:14,663	gellybellly	@brotherjon peepoPat
2021-06-13 20:45:16,345	nightbot	Hey! You! Did you know fl0m now has a THIRD Youtube Channel? Well now you do! GO SUBSCRIBE!!! Quick Fl0m: https://www.youtube.com/channel/UCr3zM_ina0NwCcOi7tr2LBQ
2021-06-13 20:45:19,911	brotherjon	@Speedrulez Kissahomie
2021-06-13 20:45:22,544	speedrulez	brotherjon, hello my second favourite jon peepoShy Kissahomie
2021-06-13 20:45:24,882	jooosy_	%? I look PogTasty
2021-06-13 20:45:25,379	nightbot	Joris says 50%
2021-06-13 20:45:28,316	jooosy_	Pog
2021-06-13 20:45:29,663	gellybellly	OOOO
2021-06-13 20:45:29,992	dweevers	ready for the match today spud ? PauseFish
2021-06-13 20:45:35,806	speedrulez	dweevers, HYPERNODDERS HYPERCLAP
2021-06-13 20:45:39,172	brotherjon	spud, tf
2021-06-13 20:45:40,193	gellybellly	@jooosy_ gachiW
2021-06-13 20:45:50,474	speedrulez	brotherjon, monkaS jonswaano is my booboo peepoShy
2021-06-13 20:45:56,179	gellybellly	!1deag
2021-06-13 20:45:58,824	nightbot	gellybellly pops a 1deag on juanmata 1TAP
2021-06-13 20:46:10,990	speedrulez	brotherjon, sowwy sadgeBusinessTime
2021-06-13 20:46:12,455	nightbot	Latest video: How a CS:GO Pro LOST HIS MIND Playing Matchmaking! - https://youtu.be/y0pfIuTyfdQ
2021-06-13 20:46:36,518	gellybellly	!penisssize
2021-06-13 20:46:36,857	nightbot	gellybellly has a -1 mm peter.
2021-06-13 20:46:38,735	gellybellly	MmmHmm
2021-06-13 20:46:39,277	archit47	KEKW
2021-06-13 20:46:47,988	speedrulez	big pp gelly
2021-06-13 20:46:48,882	speedrulez	Pog
2021-06-13 20:46:52,979	brotherjon	@Speedrulez ok fine, acceptable
2021-06-13 20:46:53,315	gellybellly	huuuuge pp
2021-06-13 20:46:57,395	archit47	pp so big it looped inside
2021-06-13 20:46:57,855	speedrulez	!vaginadepth
2021-06-13 20:46:58,656	nightbot	Speedrulez has a 16 mm deep sammich.
2021-06-13 20:47:01,530	brotherjon	swaano is pog
2021-06-13 20:47:05,042	gellybellly	OOOO SPUD
2021-06-13 20:47:10,510	speedrulez	OOOO DEEEEP
2021-06-13 20:47:17,792	gellybellly	Hugeeee
2021-06-13 20:47:39,528	gellybellly	ResidentSleeper mirage
2021-06-13 20:47:47,580	speedrulez	fl0mSALAMI Clap
2021-06-13 20:47:55,520	speedrulez	peepoPooPoo Clap
2021-06-13 20:47:57,049	grumpytwelve	OOOO
2021-06-13 20:48:02,540	f1nitecs	fl0mSALAMI fl0mGasm
2021-06-13 20:48:02,868	gellybellly	!1deag
2021-06-13 20:48:03,278	nightbot	gellybellly pops a 1deag on santa_claws 1TAP
2021-06-13 20:48:03,616	speedrulez	PEEPEES Clap
2021-06-13 20:48:09,946	2020numbers	PauseFish
2021-06-13 20:48:14,276	speedrulez	gelly killing all the bots POGGIES
2021-06-13 20:48:25,121	gellybellly	KEKW get rekt bots
2021-06-13 20:48:38,006	gellybellly	also frankie gachiW
2021-06-13 20:48:42,269	archit47	!1deag
2021-06-13 20:48:42,793	nightbot	Archit47 pops a 1deag on brotherjon 1TAP
2021-06-13 20:48:46,659	gellybellly	D:
2021-06-13 20:48:47,092	2020numbers	KEKWait
2021-06-13 20:48:48,341	speedrulez	archit47, rooD
2021-06-13 20:48:51,755	archit47	oh no
2021-06-13 20:48:56,011	brotherjon	angerHmm
2021-06-13 20:48:56,351	speedrulez	fl0mSlam dont shoot jon fl0mSlam
2021-06-13 20:49:00,925	archit47	Sadge
2021-06-13 20:49:02,102	brotherjon	fl0mB
2021-06-13 20:49:05,190	gellybellly	@archit47 do you wanna fight?!
2021-06-13 20:49:06,868	speedrulez	give him kiss fl0mSlam
2021-06-13 20:49:10,893	speedrulez	fl0mB
2021-06-13 20:49:11,228	gellybellly	fl0mSlam
2021-06-13 20:49:21,182	archit47	Kissahomie BrotherJon
2021-06-13 20:49:27,147	speedrulez	PauseFish
2021-06-13 20:49:27,473	gellybellly	!1deag
2021-06-13 20:49:31,238	speedrulez	is that enough brotherjon PauseFish
2021-06-13 20:49:33,223	gellybellly	W H OMEGALUL
2021-06-13 20:49:35,576	brotherjon	Kissahomie
2021-06-13 20:49:39,453	speedrulez	NODDERS
2021-06-13 20:49:40,935	speedrulez	good
2021-06-13 20:49:42,350	brotherjon	!lick Archit47
2021-06-13 20:49:42,677	nightbot	BrotherJon licks Archit47. There have been 19340 licks to date. fl0mLELELE
2021-06-13 20:49:43,793	brotherjon	BLELELE
2021-06-13 20:49:48,482	archit47	BLELELE
2021-06-13 20:49:49,838	speedrulez	!1deag
2021-06-13 20:49:51,197	2020numbers	BLELELE
2021-06-13 20:49:53,781	speedrulez	BLELELE
2021-06-13 20:49:57,739	2020numbers	KEKPOINT
2021-06-13 20:50:02,333	speedrulez	sadgeBusinessTime
2021-06-13 20:50:04,353	speedrulez	!1deag
2021-06-13 20:50:04,874	nightbot	Speedrulez pops a 1deag on gfymeowmix 1TAP
2021-06-13 20:50:07,981	speedrulez	KEKWait
2021-06-13 20:50:08,546	2020numbers	D:
2021-06-13 20:50:09,765	gellybellly	%? 69
2021-06-13 20:50:10,251	nightbot	Joris says 84%
2021-06-13 20:50:14,542	speedrulez	i show meowmix
2021-06-13 20:50:16,904	speedrulez	sadgeBusinessTime
2021-06-13 20:50:19,334	nightbot	fl0m is now officially sponsored by GFUEL! Save 30% on your purchase by following the link and using code "DMCA" or "fl0m" at checkout! https://gfuel.com/pages/fl0m
2021-06-13 20:50:27,450	speedrulez	sorry gfy sadgeBusinessTime
2021-06-13 20:50:31,164	archit47	fl0m should take surfing lessons from this guy
2021-06-13 20:50:31,503	2020numbers	fl0mSlam shooting homies fl0mSlam
2021-06-13 20:50:33,094	archit47	PEPEDS
2021-06-13 20:50:39,180	gellybellly	!1deag
2021-06-13 20:50:39,517	nightbot	gellybellly pops a 1deag on lingdt 1TAP
2021-06-13 20:50:59,786	speedrulez	2020numbers, fl0mSlam sorry fl0mSlam
2021-06-13 20:51:09,208	2020numbers	fl0mSlam
2021-06-13 20:51:13,404	nightbot	Follow the link to join fl0m's discord and come hang out with his ever growing community https://discord.gg/fl0m | Make sure to link your twitch to discord if you're a sub!
2021-06-13 20:51:50,222	priiide_	chat we vibin MmmHmm ?
2021-06-13 20:51:55,105	2020numbers	MmmHmm
2021-06-13 20:51:56,985	gellybellly	catJAM
2021-06-13 20:52:00,169	archit47	MmmHmm
2021-06-13 20:52:06,976	speedrulez	MmmHmm
2021-06-13 20:52:14,948	f1nitecs	MmmHmm only HYPERNODDERS
2021-06-13 20:52:22,926	gellybellly	WTFF
2021-06-13 20:52:31,353	priiide_	KEKWait
2021-06-13 20:53:02,863	bolottekid	MmmHmm
2021-06-13 20:53:10,561	ridiculouszz	Speedrulez fl0mSlam
2021-06-13 20:53:20,750	gellybellly	!1deag
2021-06-13 20:53:25,923	nightbot	gellybellly pops a 1deag on edomer 1TAP
2021-06-13 20:53:31,368	speedrulez	ridiculouszz, fl0mSlam what
2021-06-13 20:54:35,097	priiide_	aleksi PogTasty
2021-06-13 20:54:35,432	moobot	blue_circle:
2021-06-13 20:54:46,367	gellybellly	KEKW gambit
2021-06-13 20:55:04,581	ridiculouszz	give me a hug spud fl0mSlam
2021-06-13 20:55:14,370	priiide_	wait people actually use decoys KEKWait
2021-06-13 20:55:14,813	speedrulez	ridiculouszz, fl0mSlam okay
2021-06-13 20:55:19,678	speedrulez	ridiculouszz, fl0mSlam peepoHug fl0mSlam
2021-06-13 20:55:40,705	2020numbers	50/50 gamba Kreygasm
2021-06-13 20:55:52,027	ridiculouszz	Speedrulez fl0mSlam widepeepoHappy peepoHug fl0mSlam
2021-06-13 20:56:01,193	fl1pdof	!1deag
2021-06-13 20:56:01,688	nightbot	fl1pdof pops a 1deag on gabriel_lando 1TAP
2021-06-13 20:56:18,474	gellybellly	!1deag
2021-06-13 20:56:26,787	maxbax0808	peepoChat
2021-06-13 20:56:33,155	bolottekid	$? fl0mCozy nymnCorn fl0mBooty
2021-06-13 20:56:42,274	maxbax0808	!1deag
2021-06-13 20:56:42,609	nightbot	maxbax0808 pops a 1deag on bunk3rk1ng 1TAP
2021-06-13 20:56:47,175	gellybellly	HandsUp fl0mBooty
2021-06-13 20:57:01,891	bolottekid	joris WeirdEyes
2021-06-13 20:57:02,232	nightbot	fl0mSHOOK
2021-06-13 20:57:04,946	bolottekid	$? fl0mCozy nymnCorn fl0mBooty
2021-06-13 20:57:08,735	gellybellly	%? 69
2021-06-13 20:57:09,140	nightbot	Joris says 31%
2021-06-13 20:57:21,121	f1nitecs	Stab fl0mBooty
2021-06-13 20:57:24,867	maxbax0808	sadgeBusinessTime gellybellly
2021-06-13 20:57:25,966	f1nitecs	gachiW
2021-06-13 20:57:30,034	bolottekid	KEKW i was using $ instead of %
2021-06-13 20:57:34,995	gellybellly	@maxbax0808 peepoPat
2021-06-13 20:57:39,683	priiide_	money nade
2021-06-13 20:57:53,076	gellybellly	KEKW
2021-06-13 20:57:59,297	bolottekid	%? fl0mCozy nymnCorn fl0mBooty
2021-06-13 20:57:59,635	nightbot	Joris says 45%
2021-06-13 20:58:04,420	priiide_	aleksi? alternatively asexi
2021-06-13 20:58:06,368	bolottekid	fuck
2021-06-13 20:58:13,810	irresponsibletendencies	!1deag
2021-06-13 20:58:14,298	nightbot	irresponsibletendencies pops a 1deag on literallyaunicorn 1TAP
2021-06-13 20:58:20,404	krozazaz	fl0mH goodmorning
2021-06-13 20:58:23,839	priiide_	fl0mH
2021-06-13 20:58:24,171	2020numbers	fl0mH
2021-06-13 20:58:26,118	bolottekid	Wokege . o O ( fl0mCozy nymnCorn fl0mBooty )
2021-06-13 20:58:28,253	maxbax0808	fl0mH
2021-06-13 20:58:29,082	gellybellly	its evening paapoWeird
2021-06-13 20:58:37,414	bolottekid	fl0mH
2021-06-13 20:58:38,098	priiide_	gellybellly get in the correct time zone
2021-06-13 20:58:43,837	gellybellly	D:
2021-06-13 20:58:51,024	bolottekid	D:
2021-06-13 20:58:53,278	krozazaz	fl0mSwole pst squad
2021-06-13 20:59:14,299	f1nitecs	gellybellly are you eastern EU?
2021-06-13 20:59:20,137	gellybellly	KEKW EU
2021-06-13 20:59:25,879	gellybellly	im in SEA
2021-06-13 20:59:29,266	archit47	it's night PEPEDS
2021-06-13 20:59:39,391	gellybellly	YEP NIGHT
2021-06-13 20:59:46,466	bolottekid	night YEP
2021-06-13 20:59:50,054	krozazaz	YEP
2021-06-13 20:59:57,923	gellybellly	YEP DICKS
2021-06-13 21:00:05,292	f1nitecs	So it's not evening gellybellly fl0mB
2021-06-13 21:00:14,290	bolottekid	YEP WICKED DICKS
2021-06-13 21:00:18,444	gellybellly	its 11:30pm
2021-06-13 21:00:25,473	nightbot	Hey! You! Did you know fl0m now has a THIRD Youtube Channel? Well now you do! GO SUBSCRIBE!!! Quick Fl0m: https://www.youtube.com/channel/UCr3zM_ina0NwCcOi7tr2LBQ
2021-06-13 21:00:26,097	maxbax0808	YEP VAGINAS
2021-06-13 21:00:36,997	gellybellly	!time
2021-06-13 21:00:37,332	nightbot	fl0m's current time is: June 13th 2021, 8:30:37 am PDT UTC-07:00 FeelsLateMan
2021-06-13 21:00:49,380	archit47	9PM PEPEDS
2021-06-13 21:01:04,199	maxbax0808	Imagine fl0m being late KEKPOINT
2021-06-13 21:01:13,053	nightbot	Follow the link to join fl0m's discord and come hang out with his ever growing community https://discord.gg/fl0m | Make sure to link your twitch to discord if you're a sub!
2021-06-13 21:01:15,540	gellybellly	fl0m is playing WOW KEKW
2021-06-13 21:01:20,426	archit47	my timezone is +23:30 of l0m
2021-06-13 21:01:28,776	suprauk_	!tweet
2021-06-13 21:01:29,671	nightbot	2021-Jun-13 7:54 AM PDT: Watch party for IEM in my chat if you wanna come farm some channel points.  TBC and Grand finals is a good combo - twitter.com/fl0mtv
2021-06-13 21:01:34,849	2020numbers	PepoCheer
2021-06-13 21:01:36,182	f1nitecs	Austria vs North Macedonia ResidentSleeper
2021-06-13 21:01:48,520	speedrulez	PepoCheer
2021-06-13 21:02:00,240	gellybellly	!1deag
2021-06-13 21:02:00,584	archit47	50:50 predictions monkaW
2021-06-13 21:02:02,067	gellybellly	D:
2021-06-13 21:02:06,732	archit47	again KEKPOINT
2021-06-13 21:02:08,332	gellybellly	WTFF
2021-06-13 21:02:11,300	nightbot	Latest video: How a CS:GO Pro LOST HIS MIND Playing Matchmaking! - https://youtu.be/y0pfIuTyfdQ
2021-06-13 21:02:11,641	ridiculouszz	wait what?
2021-06-13 21:02:15,862	f1nitecs	What the frickin heck KEKPOINT
2021-06-13 21:02:26,590	bolottekid	00:30 PEPEDS
2021-06-13 21:02:35,248	mrfortyoz	Hi chat here to farm channel points
2021-06-13 21:03:04,801	sukksgaming	Imagine being in an offline chat, its cringe as fuck KEKWait
2021-06-13 21:03:18,681	sukksgaming	Im here for more than 2 hours
2021-06-13 21:03:21,740	bolottekid	technically fl0m is online KEKWait
2021-06-13 21:03:23,372	gellybellly	paapoWeird @sukksgaming
2021-06-13 21:03:37,469	utkarshjr7	FeelsWeirdMan @SukksGaming
2021-06-13 21:03:46,709	gellybellly	ur cringe why are you here then?
2021-06-13 21:03:47,933	maxbax0808	WeirdEyes SukksGaming
2021-06-13 21:04:05,771	sukksgaming	I mean, chat here is wholesome and im here for chat YEP
2021-06-13 21:04:21,043	bolottekid	peepoShy aww
2021-06-13 21:04:28,028	gellybellly	WTFF
2021-06-13 21:04:46,525	bolottekid	%? chat is wholesome
2021-06-13 21:04:46,854	moobot	blue_circle:
2021-06-13 21:04:47,194	nightbot	Joris says 92%
2021-06-13 21:04:55,042	bolottekid	HYPERNODDERS
2021-06-13 21:04:56,031	gellybellly	!1deag
2021-06-13 21:04:56,634	nightbot	gellybellly pops a 1deag on kuro_127 1TAP
2021-06-13 21:05:03,224	maxbax0808	OOOO
2021-06-13 21:05:07,348	priiide_	OOOO
2021-06-13 21:05:07,678	sukksgaming	OOOO
2021-06-13 21:05:08,006	gellybellly	OOOO
2021-06-13 21:05:12,608	gellybellly	aleksib
2021-06-13 21:05:16,623	bolottekid	OOOO
2021-06-13 21:05:17,745	utkarshjr7	Clap Nice round
2021-06-13 21:05:24,073	gellybellly	NICECOCK
2021-06-13 21:05:27,838	f1nitecs	%? six9ine
2021-06-13 21:05:28,351	nightbot	Joris says 68%
2021-06-13 21:05:29,326	archit47	OOOO
2021-06-13 21:05:31,083	f1nitecs	what
2021-06-13 21:05:35,962	utkarshjr7	DIDSOMEONESAYCOCK
2021-06-13 21:05:36,302	maxbax0808	Jebaited F1niteCS
2021-06-13 21:05:38,896	redi_o	ez repport
2021-06-13 21:05:39,861	gellybellly	@f1nitecs get fucked
2021-06-13 21:05:46,082	f1nitecs	Last time I tried I got 68 as well KEKPOINT
2021-06-13 21:05:46,605	gellybellly	KEKPOINT
2021-06-13 21:06:17,579	maxbax0808	%? I get a nice number today?
2021-06-13 21:06:17,916	nightbot	Joris says 29%
2021-06-13 21:06:21,214	maxbax0808	Sadge
2021-06-13 21:06:24,398	gellybellly	NOPERS
2021-06-13 21:06:32,969	utkarshjr7	Did fl0m opened the remaining 100 Cases yesterday?
2021-06-13 21:06:49,684	irresponsibletendencies	No.
2021-06-13 21:06:56,385	irresponsibletendencies	He's doing that today.
2021-06-13 21:07:00,694	utkarshjr7	Okay thanks
2021-06-13 21:07:35,372	irresponsibletendencies	%? 69
2021-06-13 21:07:35,712	hypersld_	%/ fl0m gets the traitor
2021-06-13 21:07:36,044	nightbot	Joris says 12%
2021-06-13 21:08:07,613	utkarshjr7	%? At least 1 glove today?
2021-06-13 21:08:08,105	nightbot	Joris says 89%
2021-06-13 21:08:12,885	utkarshjr7	KEKWait
2021-06-13 21:08:18,351	bolottekid	glove PauseFish
2021-06-13 21:08:55,116	sukksgaming	If fl0m opens another case, i will suck my own dick
2021-06-13 21:09:01,228	sukksgaming	*glove
2021-06-13 21:09:09,814	sukksgaming	i will suck my own glove chat
2021-06-13 21:09:10,145	gellybellly	paapoWeird
2021-06-13 21:09:14,422	priiide_	paapoWeird
2021-06-13 21:09:15,197	bolottekid	paapoWeird
2021-06-13 21:09:16,662	utkarshjr7	WeirdEyes
2021-06-13 21:09:22,146	gellybellly	K. who asked?
2021-06-13 21:09:26,652	gellybellly	!1deag
2021-06-13 21:09:27,174	nightbot	gellybellly pops a 1deag on ritzenspalt 1TAP
2021-06-13 21:10:16,576	nightbot	fl0m is now officially sponsored by GFUEL! Save 30% on your purchase by following the link and using code "DMCA" or "fl0m" at checkout! https://gfuel.com/pages/fl0m
2021-06-13 21:10:56,671	speedrulez	!suck SukksGaming 's 'glove'
2021-06-13 21:10:57,005	nightbot	Speedrulez sucks SukksGaming 's 'glove''s DICKS there have been 2501 DICKS sucked
2021-06-13 21:11:09,085	sukksgaming	Pog
2021-06-13 21:11:09,887	nightbot	Follow the link to join fl0m's discord and come hang out with his ever growing community https://discord.gg/fl0m | Make sure to link your twitch to discord if you're a sub!
2021-06-13 21:11:27,603	bolottekid	KEKW
2021-06-13 21:12:09,346	gellybellly	!1deag
2021-06-13 21:12:09,837	nightbot	gellybellly pops a 1deag on thegeekpirate 1TAP
2021-06-13 21:12:21,541	utkarshjr7	!fl0m5
2021-06-13 21:12:21,868	nightbot	"If I had to say how many slots my actual asshole could hold - it could get 6," -fl0m, not out of context, 2021
2021-06-13 21:13:04,839	bolottekid	Stab fl0mBooty
2021-06-13 21:13:18,178	gellybellly	OOOO G
2021-06-13 21:13:49,501	utkarshjr7	monkaGIGA fl0mBooty
2021-06-13 21:14:23,209	priiide_	niko PauseFish
2021-06-13 21:14:32,516	gellybellly	WTFF
2021-06-13 21:14:39,883	priiide_	WTFF
2021-06-13 21:15:12,601	n0r13k	hi everyone
2021-06-13 21:15:13,470	moobot	blue_circle:
2021-06-13 21:15:17,057	gellybellly	!1deag
2021-06-13 21:15:17,621	nightbot	gellybellly pops a 1deag on jamolnng 1TAP
2021-06-13 21:15:54,239	n0r13k	Aleksib is one of the only IGLs I've seen that meets the level of hype about him.
2021-06-13 21:16:47,747	sukksgaming	@n0r13k Thats true, but aleksib is a discount Davey
2021-06-13 21:16:56,706	n0r13k	davey best igl in NA
2021-06-13 21:17:20,836	n0r13k	his tactic of giving calls and getting ignored is next level
2021-06-13 21:17:26,687	gellybellly	%? 69
2021-06-13 21:17:27,123	nightbot	Joris says 77%
2021-06-13 21:17:30,564	sukksgaming	KEKW
2021-06-13 21:17:52,801	sukksgaming	Its just that Davey is playing on another level, guy is insane
2021-06-13 21:18:03,979	gellybellly	KEKPOINT
2021-06-13 21:18:04,313	moobot	www.twitter.com/fl0mtv and www.youtube.com/fl0m
2021-06-13 21:18:05,066	archit47	no scoped KEKW
2021-06-13 21:18:08,246	utkarshjr7	KEKW
2021-06-13 21:18:13,022	n0r13k	Homie just got destroyed.
2021-06-13 21:18:23,265	gellybellly	OG throwing PepeLaugh
2021-06-13 21:19:03,039	sukksgaming	ResidentSleeper bo5 ResidentSleeper
2021-06-13 21:19:18,021	2020numbers	YEP ResidentSleeper
2021-06-13 21:19:55,110	n0r13k	Hobbit is such a smart player.
2021-06-13 21:19:59,794	gellybellly	see ya later chat peepoLeaveFinger
2021-06-13 21:20:14,954	nightbot	Follow the link to join fl0m's discord and come hang out with his ever growing community https://discord.gg/fl0m | Make sure to link your twitch to discord if you're a sub!
2021-06-13 21:20:17,160	sukksgaming	@gellybellly Bye
2021-06-13 21:20:17,488	archit47	YEP bo5 ResidentSleeper
2021-06-13 21:20:23,727	archit47	!1deag
2021-06-13 21:20:24,294	nightbot	Archit47 pops a 1deag on aresfaithfull 1TAP
2021-06-13 21:20:48,607	redi_o	!1deag
2021-06-13 21:21:42,446	sukksgaming	Gambit OOOO
2021-06-13 21:22:05,966	n0r13k	Does anyone know if fl0m is going to be taking all of the Mythic bois to Fragadelphia?
2021-06-13 21:22:15,801	priiide_	KEKW
2021-06-13 21:22:17,002	archit47	KEKW
2021-06-13 21:22:20,464	wubbisubbi	KEKW
2021-06-13 21:22:34,743	archit47	what a way to start a round
2021-06-13 21:22:36,522	archit47	3v5
2021-06-13 21:22:41,079	fl0m	i want @n0r13k
2021-06-13 21:22:49,586	priiide_	hi dad
2021-06-13 21:23:01,644	archit47	fl0m on LAN PauseFish
2021-06-13 21:23:03,961	priiide_	autos have been purchased
2021-06-13 21:23:06,088	2020numbers	PauseFish
2021-06-13 21:23:22,110	n0r13k	@fl0m ohh yeahhhhhhhhhhh
2021-06-13 21:23:44,521	sukksgaming	Gambit is kinda good, it wouldnt surprise me if they go pro
2021-06-13 21:26:13,930	redi_o	how did the half end chat
2021-06-13 21:26:14,260	moobot	blue_circle:
2021-06-13 21:26:24,973	xzics	!commands
2021-06-13 21:26:25,316	nightbot	https://nightbot.tv/t/fl0m/commands
2021-06-13 21:26:48,203	2020numbers	8-7 OG REDi_o
2021-06-13 21:27:18,202	redi_o	damn Gambit came back
2021-06-13 21:27:28,936	chosendew	that shot
2021-06-13 21:27:30,509	utkarshjr7	OOOO
2021-06-13 21:27:31,759	itsaho	Oh my
2021-06-13 21:27:36,094	wubbisubbi	jesus
2021-06-13 21:27:42,504	redsunsx01x	damn!
2021-06-13 21:27:42,971	zeerorg	OOOO
2021-06-13 21:27:48,991	zeerorg	pepegaGUN
2021-06-13 21:27:51,466	archit47	OOOO
2021-06-13 21:27:53,510	hypersld_	Sex1le OOOO
2021-06-13 21:27:56,520	itsaho	A big quick fuck you
2021-06-13 21:28:08,373	redi_o	Ax1Le hard carry
2021-06-13 21:32:22,240	wubbisubbi	PauseFish
2021-06-13 21:32:59,093	saint_helix	ZOOOOM
2021-06-13 21:33:05,387	zeerorg	OG COPIUM GOOO
2021-06-13 21:33:06,704	lowratedhighlander	man OG had so much control on this map and it just completely changed over to Gambit. good adjustments by gambit
2021-06-13 21:33:13,705	priiide_	gambit woke up
2021-06-13 21:34:04,687	itsaho	Wait it says best of 5 but laid out like a bo7 which is it?
2021-06-13 21:34:18,374	itsaho	wait
2021-06-13 21:34:26,872	priiide_	its laid out like a bo5
2021-06-13 21:34:31,326	itsaho	im dumb
2021-06-13 21:34:41,980	lowratedhighlander	peepoIQ its ok man its still early
2021-06-13 21:34:42,906	priiide_	bo5 = first to 3
2021-06-13 21:34:53,426	itsaho	Yeah i just woke up
2021-06-13 21:34:58,692	priiide_	all g
2021-06-13 21:34:59,053	priiide_	good morning
2021-06-13 21:35:20,854	itsaho	BLANKIES
2021-06-13 21:35:27,754	priiide_	Jammies
2021-06-13 21:35:33,047	lowratedhighlander	Bedge
2021-06-13 21:35:48,125	grumpytwelve	peepoBlanket
2021-06-13 21:35:48,833	ddbreezy	!sens
2021-06-13 21:35:49,168	nightbot	This video breaks down all of fl0m's in-game settings including his sensitivity: https://youtu.be/_-T7DudLqLY?t=26
2021-06-13 21:36:14,613	nightbot	Follow the link to join fl0m's discord and come hang out with his ever growing community https://discord.gg/fl0m | Make sure to link your twitch to discord if you're a sub!
2021-06-13 21:36:37,228	wubbisubbi	2 hp KEKW
2021-06-13 21:36:37,954	moobot	blue_circle:
2021-06-13 21:37:22,237	priiide_	nafany dif
2021-06-13 21:38:32,479	wubbisubbi	damn that was close
2021-06-13 21:38:47,001	redi_o	nt
2021-06-13 21:38:56,594	amj3ff	modCheck
2021-06-13 21:39:26,609	brotherjon	OG preds modCheck
2021-06-13 21:39:33,940	suprauk_	KEKPOINT
2021-06-13 21:39:52,978	ridiculouszz	sadgeBusinessTime
2021-06-13 21:40:11,375	archit47	I bet on the right team modCheck
2021-06-13 21:40:22,042	zeyzo_	boys MLADY
2021-06-13 21:40:22,755	suprauk_	oh wait
2021-06-13 21:40:25,975	suprauk_	16-14 OG incoming
2021-06-13 21:40:35,772	archit47	unless PauseFish
2021-06-13 21:40:41,586	ridiculouszz	the script monkaHmm
2021-06-13 21:40:55,031	zeerorg	He needs his coffee
2021-06-13 21:41:13,519	nightbot	Follow the link to join fl0m's discord and come hang out with his ever growing community https://discord.gg/fl0m | Make sure to link your twitch to discord if you're a sub!
2021-06-13 21:41:50,548	fl1pdof	@fl0m according to CS money at least i only dropped 1 dollar in inventory
2021-06-13 21:41:52,758	fl1pdof	LUL
2021-06-13 21:41:59,626	ridiculouszz	Clap
2021-06-13 21:42:08,332	brotherjon	fl1p spent all his money
2021-06-13 21:42:37,152	fl1pdof	fl1p this morning: Wokege . o O ( peepoGamble )
2021-06-13 21:42:44,252	archit47	KEKPOINT
2021-06-13 21:42:47,770	2020numbers	peepoGiggles
2021-06-13 21:44:17,113	amj3ff	what if bttv made a thought bubble emote that you can put text in, like the ice cube one
2021-06-13 21:44:43,616	archit47	how would u put text in a emote PauseFish
2021-06-13 21:44:54,643	archit47	sh1ro OOOO
2021-06-13 21:45:01,297	itsaho	Actually worth
2021-06-13 21:45:27,269	amj3ff	theres an emote that covers what you put before it in an ice cube, do thee same thing with a thought bubble
2021-06-13 21:45:42,142	amj3ff	idk how they did it
2021-06-13 21:45:42,478	2020numbers	monkaS cvHazmat Archit47
2021-06-13 21:46:02,926	suprauk_	OT PauseFish
2021-06-13 21:46:04,340	brotherjon	16-15 HLTV confirmed
2021-06-13 21:46:09,756	2020numbers	fl0mSmorting
2021-06-13 21:46:11,855	ridiculouszz	WeirdEyes cvMask
2021-06-13 21:46:15,192	archit47	no ot WICKEDPRAYGE
2021-06-13 21:46:20,246	ridiculouszz	KEKWait
2021-06-13 21:46:38,054	brotherjon	6 hour grand final. moar OT fl0mSlam
2021-06-13 21:46:38,390	moobot	blue_circle:
2021-06-13 21:47:14,197	bolottekid	%? 3-0 gambit
2021-06-13 21:47:14,657	nightbot	Joris says 64%
2021-06-13 21:47:36,407	redi_o	%? 12-16
2021-06-13 21:47:37,233	wubbisubbi	%? 69
2021-06-13 21:47:37,691	nightbot	Joris says 15%
2021-06-13 21:47:58,731	wubbisubbi	gg
2021-06-13 21:48:00,374	hypersld_	gg
2021-06-13 21:48:01,135	n0r13k	hm
2021-06-13 21:48:12,318	brotherjon	Sadge
2021-06-13 21:48:12,809	n0r13k	I commend Aleksi on his performance, and they throw.
2021-06-13 21:48:17,281	n0r13k	Sadge
2021-06-13 21:48:18,012	archit47	OOOO
2021-06-13 21:48:22,785	redi_o	ggs
2021-06-13 21:48:23,122	2020numbers	gg pepeClap go next
2021-06-13 21:48:23,450	archit47	stonks
2021-06-13 21:48:28,858	redi_o	ez points babyyyyyyyyyyyy
2021-06-13 21:48:33,661	suprauk_	peepoGamble 15 mins
2021-06-13 21:48:47,429	bolottekid	@redi_o OOOO
2021-06-13 21:48:51,040	archit47	go all in on Gambit PauseFish
2021-06-13 21:48:55,432	f1nitecs	modCheck EURO watchers?
2021-06-13 21:48:56,163	ridiculouszz	0-3? KEKWait
2021-06-13 21:48:57,908	suprauk_	gg Archit47 first win
2021-06-13 21:49:04,327	archit47	NODDERS
2021-06-13 21:49:07,582	fl1pdof	!dhldrop A
2021-06-13 21:49:07,918	brotherjon	!DHLDROP A
2021-06-13 21:49:08,246	nightbot	Latest video: How a CS:GO Pro LOST HIS MIND Playing Matchmaking! - https://youtu.be/y0pfIuTyfdQ
2021-06-13 21:49:10,900	brotherjon	Kappa
2021-06-13 21:49:23,622	brotherjon	fl1p roo5Head
2021-06-13 21:49:27,874	fl1pdof	5Head
2021-06-13 21:49:28,206	redi_o	@F1niteCS who you got winning it
2021-06-13 21:49:48,191	f1nitecs	REDi_o the whole thing or AUT-MAC?
2021-06-13 21:49:59,713	redi_o	whole thing
2021-06-13 21:50:01,676	brotherjon	Paw Patrol commercial Pog
2021-06-13 21:50:06,498	lowratedhighlander	i had to poop peepoPooPoo who won dust2?
2021-06-13 21:50:17,687	nightbot	fl0m is now officially sponsored by GFUEL! Save 30% on your purchase by following the link and using code "DMCA" or "fl0m" at checkout! https://gfuel.com/pages/fl0m
2021-06-13 21:51:03,789	brotherjon	peepoGamble
2021-06-13 21:51:04,681	ridiculouszz	LowRatedHighlander gambit
2021-06-13 21:51:10,775	f1nitecs	REDi_o well probably Belgium because Hazard is daddy but England squad is loaded this  year. It would be nice to see them winning again.
2021-06-13 21:51:11,306	nightbot	Follow the link to join fl0m's discord and come hang out with his ever growing community https://discord.gg/fl0m | Make sure to link your twitch to discord if you're a sub!
2021-06-13 21:51:25,255	lowratedhighlander	Ridiculouszz ah thank you
2021-06-13 21:52:55,767	redi_o	@F1niteCS France are the favorites but i don't know why I think they'll bomb out of groups
2021-06-13 21:53:13,032	brotherjon	!DHLDROP C
2021-06-13 21:53:48,249	redi_o	hopefully Germany qualifies
2021-06-13 21:54:01,927	suprauk_	9 mins peepoGamble
2021-06-13 21:54:03,813	f1nitecs	REDi_o they're your favorites? I'm pretty sure Belgium are for the tourney because they're the top team in the world atm
2021-06-13 21:54:54,517	redi_o	@F1niteCS their head to head but France are more stacked imo
2021-06-13 21:54:56,604	brotherjon	wasn't Gambit formed from an old LoL team a long time ago
2021-06-13 21:57:47,324	n0r13k	Frankie brainfart.
2021-06-13 21:57:47,650	moobot	blue_circle:
2021-06-13 21:58:27,951	dullatpg	mantu had a ms of screen time
2021-06-13 21:59:13,640	brotherjon	ESEA commercial KEKW
2021-06-13 21:59:26,823	bolottekid	KEKW
2021-06-13 21:59:36,616	f1nitecs	ESEA bragging about servers KEKPOINT
2021-06-13 22:00:29,364	brotherjon	more commercials zzz
2021-06-13 22:02:12,005	bolottekid	Danger zone KEKW
2021-06-13 22:03:17,101	itsaho	I always forget how fun danger zone can be
2021-06-13 22:03:28,105	dullatpg	i didnt even know that jump pad thing existed
2021-06-13 22:04:09,311	nightbot	Follow the link to join fl0m's discord and come hang out with his ever growing community https://discord.gg/fl0m | Make sure to link your twitch to discord if you're a sub!
2021-06-13 22:04:10,046	brotherjon	peepoGamble
2021-06-13 22:04:32,618	2020numbers	hopefully you get some good returns here @BrotherJon WICKEDPRAYGE
2021-06-13 22:06:06,362	2020numbers	KEKWait
2021-06-13 22:06:24,885	2020numbers	peepoSprint
2021-06-13 22:08:02,346	itsaho	uh oh the cis overthink
2021-06-13 22:08:02,684	moobot	blue_circle:
2021-06-13 22:09:00,549	dullatpg	afk in t spawn
2021-06-13 22:09:50,636	redi_o	interz bathroom break
2021-06-13 22:13:25,908	dullatpg	best of 5 means a team has to win 3 maps right?
2021-06-13 22:13:51,340	fl1pdof	NODDERS @DullaTPG
2021-06-13 22:13:52,684	amj3ff	yes
2021-06-13 22:14:09,942	nightbot	Follow the link to join fl0m's discord and come hang out with his ever growing community https://discord.gg/fl0m | Make sure to link your twitch to discord if you're a sub!
2021-06-13 22:14:18,240	bolottekid	N OOOO N OOOO
2021-06-13 22:16:20,546	archit47	so EZ for sh1ro OOOO
2021-06-13 22:23:23,827	itsaho	Hobbit with the huge plays
2021-06-13 22:23:24,154	moobot	Fl0m's YouTube channels have all sorts of new content all the time, if you ever miss something or want to rewatch a memorable moment, make sure to check them out! Youtube.com/fl0m (only cs) | youtube.com/alsofl0m (non-cs content)
2021-06-13 22:23:33,366	justhoohaa	yo
2021-06-13 22:24:25,492	fl0m	yo
2021-06-13 22:24:31,939	rennerr	yo
2021-06-13 22:24:34,377	itsaho	yo
2021-06-13 22:24:48,680	kannar_83	PauseFish
2021-06-13 22:24:50,066	moobot	blue_circle:
2021-06-13 22:24:59,527	archit47	yo streamer
2021-06-13 22:25:03,436	archit47	PauseFish
2021-06-13 22:25:12,537	bolottekid	yo
2021-06-13 22:25:37,561	spykerlol	Yo
2021-06-13 22:26:03,461	grumpytwelve	OOOO
2021-06-13 22:27:14,183	brotherjon	yo
2021-06-13 22:27:19,462	luigistarx	peepoHawOnAGoose
2021-06-13 22:27:20,546	brotherjon	@fl0m how's the KFC
2021-06-13 22:27:42,405	suprauk_	TK KEKPOINT
2021-06-13 22:27:55,246	brotherjon	double kill, you mean
2021-06-13 22:27:56,613	brotherjon	Kapppa
2021-06-13 22:27:58,607	brotherjon	Kappa
2021-06-13 22:28:02,469	bolottekid	KEKW
2021-06-13 22:28:05,381	luigistarx	!1deag
2021-06-13 22:28:06,001	nightbot	Luigistarx pops a 1deag on kannar_83 1TAP
2021-06-13 22:28:06,332	fl0m	real talk it was disappointing @BrotherJon
2021-06-13 22:28:12,404	brotherjon	oof
2021-06-13 22:28:21,128	bolottekid	Not NICECOCK
2021-06-13 22:29:13,170	justhoohaa	kfc where i live is absolutely awful
2021-06-13 22:29:20,136	kannar_83	Luigistarx D:
2021-06-13 22:29:29,555	luigistarx	pepeLaughing
2021-06-13 22:29:35,222	cake315	we are watching a cs game not talking about fast food
2021-06-13 22:29:36,552	cake315	guys
2021-06-13 22:29:43,602	justhoohaa	stfu cake
2021-06-13 22:29:48,762	luigistarx	we're all fat bro
2021-06-13 22:29:53,641	brotherjon	I'm not talking about fast food either
2021-06-13 22:29:56,510	justhoohaa	is what he would say if he was live
2021-06-13 22:30:00,556	cake315	just think about the people that dont have access to fast food
2021-06-13 22:30:00,886	luigistarx	america KKona
2021-06-13 22:30:03,359	brotherjon	fl0m got korean fried chicken
2021-06-13 22:30:33,089	fl0m	^
2021-06-13 22:30:41,387	suprauk_	@Cake315 porque no los dos
2021-06-13 22:30:43,597	fl0m	love it but this place played me Sadge
2021-06-13 22:31:01,151	harjashan101	hey fl0m hey chat
2021-06-13 22:31:01,485	luigistarx	kfc = korean fried chicken
2021-06-13 22:31:01,810	suprauk_	you could say... fl0m got scammed sadgeBusinessTime
2021-06-13 22:31:18,135	cake315	SupraUK_ just no
2021-06-13 22:31:18,941	harjashan101	SupraUK_ the turn tables KEKW
2021-06-13 22:31:34,872	bolottekid	Jebaited
2021-06-13 22:32:10,587	cake315	!match
2021-06-13 22:32:10,920	nightbot	SoonTM
2021-06-13 22:32:27,183	cake315	%? og will win in the end
2021-06-13 22:32:27,841	nightbot	Joris says 35%
2021-06-13 22:33:01,606	suprauk_	OG out here doing OG  things, strong start and then... this
2021-06-13 22:33:16,936	nightbot	fl0m is now officially sponsored by GFUEL! Save 30% on your purchase by following the link and using code "DMCA" or "fl0m" at checkout! https://gfuel.com/pages/fl0m
2021-06-13 22:33:25,353	cake315	and let everyone down strong!
2021-06-13 22:33:26,755	suprauk_	oof
2021-06-13 22:33:27,522	suprauk_	rough
2021-06-13 22:33:53,752	brotherjon	did he just flex
2021-06-13 22:33:55,963	brotherjon	lexcsBICEPS
2021-06-13 22:34:14,929	nightbot	Follow the link to join fl0m's discord and come hang out with his ever growing community https://discord.gg/fl0m | Make sure to link your twitch to discord if you're a sub!
2021-06-13 22:34:45,910	f1nitecs	WTFF
2021-06-13 22:34:54,160	grumpytwelve	PepeHands
2021-06-13 22:34:54,487	moobot	blue_circle:
2021-06-13 22:35:32,235	luigistarx	PepeHands
2021-06-13 22:36:09,058	cake315	what a twist
2021-06-13 22:36:31,131	cake315	the game is like watching an m night shyamalan movie
2021-06-13 22:36:42,018	suprauk_	KEKW
2021-06-13 22:37:23,486	cake315	will there ever be a lan event?
2021-06-13 22:37:27,008	gloryd	modCheck
2021-06-13 22:37:33,489	cake315	im getting tired of these online matches
2021-06-13 22:37:59,736	archit47	b05 is awful
2021-06-13 22:38:24,493	archit47	the crowds in LAN made it good
2021-06-13 22:40:16,790	nightbot	Follow the link to join fl0m's discord and come hang out with his ever growing community https://discord.gg/fl0m | Make sure to link your twitch to discord if you're a sub!
2021-06-13 22:41:10,660	gloryd	NODDERS b05 is a lot of CS
2021-06-13 22:41:36,810	archit47	KEKW ECOD
2021-06-13 22:41:37,635	gloryd	KEKW
2021-06-13 22:42:14,986	gloryd	deagle nerf coming soon at this point
2021-06-13 22:43:32,085	itsaho	The deagle isnt fun to play against but makes ct side economy be a little better on eco's
2021-06-13 22:43:45,465	gloryd	yeah I agree
2021-06-13 22:44:19,395	gloryd	I just feel like the complaints will make them look at the deagle and see how they can tweak it
2021-06-13 22:45:21,917	archit47	make it do less body shot damage so people don't spam it but still 1 tap headshot kill
2021-06-13 22:45:22,246	moobot	blue_circle:
2021-06-13 22:45:47,409	gloryd	NODDERS
2021-06-13 22:46:23,036	cake315	wow the new stalker 2 looking neat
2021-06-13 22:46:54,683	suprauk_	getting railed
2021-06-13 22:47:02,363	archit47	this is just 3 maps of bo3 KEKW
2021-06-13 22:47:07,950	archit47	bo5*
2021-06-13 22:47:08,364	suprauk_	you watching E3 too cake? looks good SeemsGood
2021-06-13 22:47:34,874	cake315	ye back for blood looking over to over the top for me
2021-06-13 22:47:40,203	suprauk_	yep
2021-06-13 22:47:43,404	archit47	gambit heard we hate bo5 so we only get 3 maps PauseFish
2021-06-13 22:47:46,928	suprauk_	i'm just here for TES and AoE news
2021-06-13 22:48:03,382	cake315	not for starfiled Kappa
2021-06-13 22:48:15,595	suprauk_	Sea of  Thieves KEKPOINT
2021-06-13 22:48:20,411	cake315	maybe they will give a release date for star citizien^^
2021-06-13 22:48:35,319	cake315	sea of thieves really?
2021-06-13 22:49:00,154	f1nitecs	fl0mSlam announce source 2 fl0mSlam
2021-06-13 22:49:01,835	suprauk_	Jack Sparrow Pog
2021-06-13 22:49:24,079	cake315	pirates of the sea of thieves then?
2021-06-13 22:49:27,003	suprauk_	No way they're doing a Pirates crossover
2021-06-13 22:49:30,413	archit47	ax1le imposter
2021-06-13 22:49:43,804	kannar_83	SupraUK_ YEP
2021-06-13 22:50:18,970	nightbot	fl0m is now officially sponsored by GFUEL! Save 30% on your purchase by following the link and using code "DMCA" or "fl0m" at checkout! https://gfuel.com/pages/fl0m
2021-06-13 22:50:28,501	cake315	classic teleporting ships
2021-06-13 22:50:51,234	cake315	wait this shit is for free?
2021-06-13 22:50:51,562	grumpytwelve	Clap
2021-06-13 22:50:57,112	redsunsx01x	GG
2021-06-13 22:51:04,744	suprauk_	the game has a cost
2021-06-13 22:51:06,541	suprauk_	dlc free
2021-06-13 22:51:07,830	suprauk_	kinda Pog
2021-06-13 22:51:11,553	archit47	welp this is a short bo5
2021-06-13 22:51:12,714	nightbot	Follow the link to join fl0m's discord and come hang out with his ever growing community https://discord.gg/fl0m | Make sure to link your twitch to discord if you're a sub!
2021-06-13 22:51:26,616	cake315	SupraUK_ that happens not often these days
2021-06-13 22:51:27,573	kannar_83	oh sick, i'd buy for that... crossover looks really really good
2021-06-13 22:51:35,456	suprauk_	wait Archit47 guessed right again, whajt's going on
2021-06-13 22:51:40,196	suprauk_	@Cake315 HYPERNODDERS
2021-06-13 22:51:41,624	itsaho	Thanks for og for making this bo5 go by quick
2021-06-13 22:51:50,420	suprauk_	gg
2021-06-13 22:52:05,007	grumpytwelve	gg
2021-06-13 22:52:06,178	cake315	wait archit47 gets a right prediction what year is it
2021-06-13 22:52:07,329	archit47	gambit is the answer SupraUK_ HYPERNODDERS HYPERCLAP
2021-06-13 22:52:10,713	gloryd	ratJAM
2021-06-13 22:52:18,584	suprauk_	Battlefield KEKPOINT
2021-06-13 22:52:23,746	kannar_83	they're doing BF gameplay PogChamp
2021-06-13 22:52:25,855	f1nitecs	dO It oN lAn 3Head
2021-06-13 22:52:36,995	archit47	Gambit is in contention for Intel Grand Slam
2021-06-13 22:52:40,841	cake315	im not sure about battleflied right now
2021-06-13 22:52:43,342	itsaho	Yeah I cant wait for the sea of thieves update
2021-06-13 22:53:43,223	suprauk_	using an elevator during a war paapoWeird
2021-06-13 22:53:47,075	itsaho	Wait can we change host to e3?
2021-06-13 22:53:53,750	suprauk_	ATVs on the roof paapoWeird
2021-06-13 22:53:54,076	cake315	battlefield now with ziplines!
2021-06-13 22:53:59,113	suprauk_	good idea ItsAho
2021-06-13 22:54:10,701	cake315	KEKW
2021-06-13 22:54:20,733	itsaho	Ty peepoShy
2021-06-13 22:54:23,742	suprauk_	we're talking about it anyway KEKW
2021-06-13 22:54:32,748	cake315	now i have 2 e3 streams open
2021-06-13 22:54:35,501	dullatpg	Stop changing the channel
2021-06-13 22:54:40,465	suprauk_	no u
2021-06-13 22:54:46,804	f1nitecs	Dont' need to watch it chat is giving a live play-by-play NODDERS
2021-06-13 22:54:48,398	cake315	i need a thrid monitor for a third stream
2021-06-13 22:54:49,492	kannar_83	as an OG BF1942 and Vietnam player... this game makes me horny
2021-06-13 22:54:52,849	archit47	Supra hosted E3 KEKW
2021-06-13 22:54:53,185	itsaho	Was having to look between 2 monitors for chat then e3
2021-06-13 22:55:15,128	dullatpg	I feel like I’m 8 and my older brother won’t let go of the remote
2021-06-13 22:55:23,090	itsaho	This sims game looks weird
2021-06-13 22:55:23,427	moobot	blue_circle:
2021-06-13 22:55:33,919	cake315	its not like you miss anything form the esl stream
2021-06-13 22:55:45,345	zeyzo_	E3 ResidentSleeper
2021-06-13 22:55:57,880	archit47	what is up with time loop concepts these days
2021-06-13 22:56:02,133	dullatpg	So what is e3, is it like to showcase new games and stuff?
2021-06-13 22:56:04,372	archit47	I have seen at least 3 movies on this
2021-06-13 22:56:14,927	kannar_83	DullaTPG NODDERS
2021-06-13 22:56:47,585	cake315	archit47 if they have no ideas they  just travel back in the story
2021-06-13 22:56:53,922	amj3ff	ITS FL)M
2021-06-13 22:57:01,129	dullatpg	So what I’m watching right now is e3 or Omar’s these ads?
2021-06-13 22:57:17,455	dullatpg	Are*
2021-06-13 22:57:17,786	cake315	e3 is just a big #ad
2021-06-13 22:57:25,823	suprauk_	TES PauseFish
2021-06-13 22:57:35,466	cake315	tes is dead
2021-06-13 22:57:42,042	cake315	supraUK_ just give up
2021-06-13 22:57:43,369	archit47	Gambit has won 2 Tier 1 events now?
2021-06-13 22:57:48,225	ridiculouszz	Cake315 MLADY
2021-06-13 22:57:51,341	archit47	which makes it 2 more for Grand Slam PauseFish
2021-06-13 22:57:54,910	f1nitecs	Cake315 no way did you just say something that stupid
2021-06-13 22:57:58,881	f1nitecs	KEKPOINT
2021-06-13 22:57:59,218	cake315	@Ridiculouszz MLADY
2021-06-13 22:58:17,380	cake315	they need to get that license from bethesda
2021-06-13 22:58:36,217	suprauk_	no fuck off with skyrim
2021-06-13 22:58:36,546	cake315	they only hit it with 16times the details or 4times the size of fallout 4
2021-06-13 22:58:38,531	suprauk_	give us a new one
2021-06-13 22:58:41,575	itsaho	Skyrim again
2021-06-13 22:58:47,927	archit47	such an old game KEKPOINT
2021-06-13 22:58:49,739	cake315	skyrim remastered remastered
2021-06-13 22:59:02,754	kannar_83	KEKPOINT fo76
2021-06-13 22:59:09,924	itsaho	Did bethesda just show up to tell us their library
2021-06-13 22:59:20,456	cake315	they should remaster fallout 1 and 2
2021-06-13 22:59:24,720	shettydon99	fo76  KEKPOINT
2021-06-13 22:59:25,049	cake315	that are great games
2021-06-13 22:59:25,968	kannar_83	ItsAho YEP
2021-06-13 22:59:26,301	archit47	people play this game pepeLaughing
2021-06-13 22:59:33,150	ridiculouszz	kannar_83 OOOO Kissahomie
2021-06-13 22:59:33,481	cake315	not this fo76 shit
2021-06-13 22:59:43,799	f1nitecs	SupraUK_ they're working on a online something game right now and TES6 is on the backburner but it's going to be a long time because they're basically making every asset(?) completely from scratch
2021-06-13 22:59:47,816	dullatpg	The voiceover is driving me crazy
2021-06-13 22:59:52,883	kannar_83	Ridiculouszz POGGERS Kissahomie
2021-06-13 23:00:04,666	f1nitecs	NA armor skin POGGIES
2021-06-13 23:00:27,093	nightbot	Hey! You! Did you know fl0m now has a THIRD Youtube Channel? Well now you do! GO SUBSCRIBE!!! Quick Fl0m: https://www.youtube.com/channel/UCr3zM_ina0NwCcOi7tr2LBQ
2021-06-13 23:00:35,407	cake315	brotherhood of steal is done ffs there is nothing to tell about them anymore
2021-06-13 23:00:54,999	cake315	next time they bring liberty prime back
2021-06-13 23:01:19,425	nightbot	Follow the link to join fl0m's discord and come hang out with his ever growing community https://discord.gg/fl0m | Make sure to link your twitch to discord if you're a sub!
2021-06-13 23:01:43,659	ridiculouszz	Chernobyl music WeirdEyes
2021-06-13 23:01:49,056	archit47	cya chat I'm gonna watch the joshua video now
2021-06-13 23:01:51,676	archit47	peepoLeaveFinger
2021-06-13 23:02:01,655	suprauk_	bye dude
2021-06-13 23:02:02,409	gellybellly	peepoArrive
2021-06-13 23:02:08,322	kannar_83	monkaHmm expanded map
2021-06-13 23:02:14,484	ridiculouszz	gellybellly KEKW
2021-06-13 23:02:16,676	suprauk_	anyone play ESO?
2021-06-13 23:02:17,009	nightbot	Latest video: How a CS:GO Pro LOST HIS MIND Playing Matchmaking! - https://youtu.be/y0pfIuTyfdQ
2021-06-13 23:02:28,100	ridiculouszz	Archit47 PogTasty
2021-06-13 23:02:29,738	kannar_83	gellybellly speedr25Hey
2021-06-13 23:02:30,197	gellybellly	@ridiculouszz what?? KEKW
2021-06-13 23:02:34,630	suprauk_	i tried the beta and it seemed a bit shallow in its content, though that was the beta so it's kinda expected
2021-06-13 23:02:34,966	paapoweird	I tried for a bit, wasn't for me though SupraUK_
2021-06-13 23:02:49,214	cake315	i wasnt my case
2021-06-13 23:02:51,470	suprauk_	i liked the first person aspect but that's about it
2021-06-13 23:02:54,734	ridiculouszz	you come back as soon as archit leaves pepeSus
2021-06-13 23:03:10,312	f1nitecs	ESO was fun but I never played past the base game. It got kinda dry after that.
2021-06-13 23:03:18,134	gellybellly	@ridiculouszz oh W H OMEGALUL
2021-06-13 23:03:24,667	ridiculouszz	KEKPOINT
2021-06-13 23:03:30,781	gellybellly	KEKW
2021-06-13 23:03:36,875	cake315	what the hell
2021-06-13 23:03:39,111	itsaho	We're still doing console exclusives?
2021-06-13 23:03:44,697	kannar_83	KEKW
2021-06-13 23:03:52,607	paapoweird	I have a couple friends that are super into ESO, they love it but I'm too used to WoW-esque MMOs
2021-06-13 23:04:07,255	f1nitecs	PauseFish was that Red Skull's ship
2021-06-13 23:04:09,792	suprauk_	!time
2021-06-13 23:04:10,122	nightbot	fl0m's current time is: June 13th 2021, 10:34:10 am PDT UTC-07:00 FeelsLateMan
2021-06-13 23:04:14,428	shettydon99	KEKW
2021-06-13 23:04:14,761	suprauk_	PC gaming show in 4 hours
2021-06-13 23:04:22,320	suprauk_	what terrible timing
2021-06-13 23:04:34,870	gellybellly	chat should I drink milk or juice?? monkaHmm
2021-06-13 23:04:36,997	kannar_83	that was my issue with it too paapoWeird kinda why i'm looking forward to AoC
2021-06-13 23:04:46,581	cake315	gellybelly why not both?
2021-06-13 23:04:50,546	ridiculouszz	gellybellly PeepoJuice
2021-06-13 23:04:53,645	gellybellly	KEKWait
2021-06-13 23:04:55,645	ridiculouszz	Cake315 KEKWait
2021-06-13 23:05:06,138	cake315	while you brush your teeth Kappa
2021-06-13 23:05:13,430	suprauk_	Hades?
2021-06-13 23:05:13,827	gellybellly	WTFF
2021-06-13 23:05:24,082	gellybellly	milk it is
2021-06-13 23:05:24,420	moobot	blue_circle:
2021-06-13 23:05:34,106	cake315	maybe hades dlc?
2021-06-13 23:05:44,029	itsaho	The hades soundtrack was so good
2021-06-13 23:05:51,972	suprauk_	oh it's coming to Xbox
2021-06-13 23:05:53,288	suprauk_	riiiight
2021-06-13 23:05:59,410	cake315	Sadge
2021-06-13 23:06:18,764	gellybellly	any horror games coming up??
2021-06-13 23:06:41,124	dweevers	they showed stalker 2 and back 4 blood earlier gellybellly
2021-06-13 23:06:53,915	gellybellly	I see
2021-06-13 23:07:01,389	cake315	well that arent really horror games
2021-06-13 23:07:14,085	gellybellly	yeah they dont lol
2021-06-13 23:07:15,463	dweevers	true but that's probably the closest in this showcase
2021-06-13 23:07:22,273	cake315	true
2021-06-13 23:07:45,682	cake315	oh do we see something about halo?
2021-06-13 23:07:50,187	cake315	no way
2021-06-13 23:07:52,611	cake315	it will never release
2021-06-13 23:07:56,809	dweevers	12 mins of multiplayer is the rumor
2021-06-13 23:08:02,033	paapoweird	Why do they need to age me like that
2021-06-13 23:08:05,847	f1nitecs	Cake why big fl0mSlam today
2021-06-13 23:08:54,415	cake315	f1niteCS idk but it took them forever im getting really tired
2021-06-13 23:08:59,404	suprauk_	this is the one that looks last gen right?
2021-06-13 23:09:14,927	suprauk_	people were complaining about the graphics being terrible
2021-06-13 23:09:18,631	dweevers	during the last view of it yes SupraUK_
2021-06-13 23:09:29,276	dweevers	but it was also alpha footage so I cut them some slack
2021-06-13 23:09:33,609	cake315	i hope they have a battleroyal in the multiplayer Keepo
2021-06-13 23:09:36,389	sleeeeppyyyy	hai boomers
2021-06-13 23:09:38,112	lowratedhighlander	yeah people were complaining about the graphics from when they did that first look a while back
2021-06-13 23:09:43,002	dweevers	peepoHuggers sleeeeppyyyy
2021-06-13 23:09:44,617	archit47	doggoArrive
2021-06-13 23:09:48,247	gellybellly	!1deag
2021-06-13 23:09:49,182	nightbot	gellybellly pops a 1deag on jonswaano 1TAP
2021-06-13 23:09:55,082	archit47	D: gelly
2021-06-13 23:10:08,337	gellybellly	KEKW who did I one deag?!
2021-06-13 23:10:13,154	dweevers	fl0mB gellybellly why you gotta do that to jon!
2021-06-13 23:10:13,806	ridiculouszz	D:
2021-06-13 23:10:22,858	nightbot	fl0m is now officially sponsored by GFUEL! Save 30% on your purchase by following the link and using code "DMCA" or "fl0m" at checkout! https://gfuel.com/pages/fl0m
2021-06-13 23:10:24,113	gellybellly	is it brotherjon?!
2021-06-13 23:10:25,102	ridiculouszz	Take it back gelly
2021-06-13 23:10:31,132	gellybellly	I didnt see it
2021-06-13 23:10:31,594	archit47	is there a new Halo
2021-06-13 23:10:35,598	lowratedhighlander	Pog grapple hook
2021-06-13 23:10:40,232	dweevers	NOPERS jonswaano
2021-06-13 23:10:42,736	lowratedhighlander	D:
2021-06-13 23:10:57,378	lowratedhighlander	who is this bitch
2021-06-13 23:11:11,321	nightbot	Follow the link to join fl0m's discord and come hang out with his ever growing community https://discord.gg/fl0m | Make sure to link your twitch to discord if you're a sub!
2021-06-13 23:11:32,730	gellybellly	!1deag
2021-06-13 23:11:33,242	nightbot	gellybellly pops a 1deag on tradebanned 1TAP
2021-06-13 23:11:40,077	suprauk_	face reveal PauseFish
2021-06-13 23:11:44,363	suprauk_	nvm
2021-06-13 23:11:46,735	lowratedhighlander	what are these captions KEKW
2021-06-13 23:11:58,161	f1nitecs	Jebaited
2021-06-13 23:12:04,551	cake315	there is no face
2021-06-13 23:12:06,716	itsaho	I turned them off a while ago they were rough
2021-06-13 23:12:28,757	suprauk_	r
2021-06-13 23:12:29,078	suprauk_	u
2021-06-13 23:12:34,824	lowratedhighlander	they werent even speaking english i gotta turn them off too KEKW
2021-06-13 23:12:38,435	suprauk_	looks like a console aimlock to me
2021-06-13 23:12:45,353	lowratedhighlander	Pog he said no scope
2021-06-13 23:12:59,774	dweevers	NODDERS SupraUK_ I mean that is what Halo is know for KEKW
2021-06-13 23:13:18,214	f1nitecs	Hammer from Godfall POGGIES
2021-06-13 23:13:41,523	cake315	i think it looks more like a halo multiplayer
2021-06-13 23:13:41,854	suprauk_	i never played halo, my head was too far up unreal tournament's ass
2021-06-13 23:13:54,874	ridiculouszz	!1deag
2021-06-13 23:13:55,405	nightbot	Ridiculouszz pops a 1deag on twitchprimereminder 1TAP
2021-06-13 23:13:56,078	saint_helix	doggoArrive
2021-06-13 23:14:02,034	ridiculouszz	KEKWait
2021-06-13 23:14:03,584	archit47	I played 1 halo game and I don't even remember which
2021-06-13 23:14:04,599	ridiculouszz	OOOO Saint_Helix peepoHug
2021-06-13 23:14:06,847	f1nitecs	I was too busy being a CoD sheep KEKW
2021-06-13 23:14:09,403	gellybellly	peepoLeaveFinger
2021-06-13 23:14:12,492	paapoweird	I used to have a lot of fun with Halo
2021-06-13 23:14:17,103	saint_helix	@Ridiculouszz peepoHug peepoHug
2021-06-13 23:14:20,092	itsaho	Halo 3 was probably the best time of my life
2021-06-13 23:14:22,272	ridiculouszz	@paapoWeird MLADY
2021-06-13 23:14:28,290	lowratedhighlander	halo 3 was peak xbox live fo rme
2021-06-13 23:14:29,261	paapoweird	We used to play a modded version of Halo at school that we all had on flashdrives KEKW
2021-06-13 23:14:40,902	paapoweird	Ridiculouszz MLADY
2021-06-13 23:14:41,231	saint_helix	@gellybellly peepoHug
2021-06-13 23:14:43,936	cake315	i mean the first halo was release 20 years ago
2021-06-13 23:14:44,272	dweevers	wtf
2021-06-13 23:14:47,091	dweevers	diablo?
2021-06-13 23:14:50,572	dweevers	on xbox?
2021-06-13 23:14:52,672	itsaho	We used to get together at a friends house and have a big halo 3 lan party
2021-06-13 23:14:53,973	gellybellly	@saint_helix peepoShy hi
2021-06-13 23:15:05,656	cake315	diablo mobile?
2021-06-13 23:15:08,716	cake315	finally
2021-06-13 23:15:11,865	f1nitecs	Saint_Helix PeepoJuice
2021-06-13 23:15:12,305	paapoweird	KEKW
2021-06-13 23:15:17,801	dweevers	oh D2 remake
2021-06-13 23:15:22,032	saint_helix	How are ya @gellybellly ?
2021-06-13 23:15:23,198	nightbot	Hey! You! Did you know fl0m now has a THIRD Youtube Channel? Well now you do! GO SUBSCRIBE!!! Quick Fl0m: https://www.youtube.com/channel/UCr3zM_ina0NwCcOi7tr2LBQ
2021-06-13 23:15:29,149	paapoweird	As much as I loved d2, I'm more hype for d4 than this
2021-06-13 23:15:29,478	moobot	blue_circle:
2021-06-13 23:15:31,374	saint_helix	@F1niteCS peepoChat
2021-06-13 23:15:48,718	gellybellly	@saint_helix im good, drinking milk at 1:45am KEKW
2021-06-13 23:16:00,437	itsaho	Me and a couple friends bought the original diablo 2 like 2 weeks before they announced the remaster
2021-06-13 23:16:01,191	lowratedhighlander	wait is halo free to play? fl0m just tweeted it is monkaHmm
2021-06-13 23:16:03,912	zeyzo_	dweevers PepeMoney more remakes PepeMoney
2021-06-13 23:16:06,912	ridiculouszz	gellybellly hot chocolate? KEKWait
2021-06-13 23:16:10,344	cake315	poe 2 > diablo again
2021-06-13 23:16:12,763	nightbot	Latest video: How a CS:GO Pro LOST HIS MIND Playing Matchmaking! - https://youtu.be/y0pfIuTyfdQ
2021-06-13 23:16:20,583	gellybellly	@ridiculouszz we dont have one sadly
2021-06-13 23:16:21,872	dweevers	Zeyzo_ pretty much... I won't buy this though. I played way too much of Diablo 2
2021-06-13 23:16:29,372	ridiculouszz	gellybellly PeepoRunCry
2021-06-13 23:16:31,736	paapoweird	Diablo is more accessible than PoE ever will be
2021-06-13 23:16:44,205	ridiculouszz	gellybellly hotchocolate at 2 am hits different
2021-06-13 23:16:52,237	lowratedhighlander	KEKW
2021-06-13 23:16:53,834	itsaho	Small indie production?
2021-06-13 23:17:01,840	suprauk_	stream shitting itself?
2021-06-13 23:17:03,867	zeyzo_	why is it stuttering?
2021-06-13 23:17:06,126	fl0m	yeah thats them
2021-06-13 23:17:07,290	paapoweird	Doesn't make PoE a bad game, but it makes it harder for people to get into it
2021-06-13 23:17:17,318	archit47	nice production KEKW
2021-06-13 23:17:20,527	gellybellly	(
2021-06-13 23:17:26,654	paapoweird	Not even the preview can render all those mice
2021-06-13 23:17:27,226	f1nitecs	fl0m PeepoJuice
2021-06-13 23:17:27,564	gellybellly	hot*
2021-06-13 23:17:33,161	suprauk_	hope the game is better than the production KappaHD
2021-06-13 23:17:38,510	lowratedhighlander	someones got too many chrome tabs open
2021-06-13 23:17:48,080	zeyzo_	Multi million corperation KEKW
2021-06-13 23:17:50,845	destinction13	who didn't let the trailer buffer KEKW
2021-06-13 23:17:55,022	cake315	it ripps itself apart
2021-06-13 23:17:55,358	gellybellly	fuck I thought my phone is lagging KEKW
2021-06-13 23:17:56,033	dillyydally	Blizzard Activision outperformed by small group of New Zealand lads kekw
2021-06-13 23:17:59,171	suprauk_	inb4 that was an intended effect
2021-06-13 23:18:05,411	itsaho	Just take a technical break pls
2021-06-13 23:18:20,633	cake315	4k 60fps perfect to stream on twitch Kappa
2021-06-13 23:18:23,226	gellybellly	far cry?
2021-06-13 23:18:27,202	suprauk_	yep
2021-06-13 23:18:27,530	lowratedhighlander	hey its the dude from breaking bad
2021-06-13 23:18:37,949	dweevers	LowRatedHighlander or Firefly....
2021-06-13 23:18:46,642	lowratedhighlander	dweevers NODDERS
2021-06-13 23:18:48,893	cake315	fucking ubisoft makes the same game again
2021-06-13 23:18:56,917	f1nitecs	Fried chicken simulator POGGIES
2021-06-13 23:19:26,182	paapoweird	Cake you watch the same 20 year old game every day like the rest of us KEKW
2021-06-13 23:19:35,216	ridiculouszz	gellybellly peepoPat
2021-06-13 23:19:39,039	itsaho	KEKW
2021-06-13 23:19:39,366	lowratedhighlander	KEKW ad break in the middle of a trailer
2021-06-13 23:19:47,073	gellybellly	@ridiculouszz peepoPat
2021-06-13 23:19:55,074	gellybellly	OOOO chickens
2021-06-13 23:20:01,799	cake315	watching and playing is a big diffrence bruh
2021-06-13 23:20:02,134	ridiculouszz	!1deag
2021-06-13 23:20:07,093	zeyzo_	I would shoot the bird asap
2021-06-13 23:20:07,427	gellybellly	NICECOCK
2021-06-13 23:20:09,382	ridiculouszz	DIDSOMEONESAYCOCK
2021-06-13 23:20:10,065	f1nitecs	WAT KEKW
2021-06-13 23:20:15,574	saint_helix	Attack of the CHICKEN.
2021-06-13 23:20:20,546	nightbot	Follow the link to join fl0m's discord and come hang out with his ever growing community https://discord.gg/fl0m | Make sure to link your twitch to discord if you're a sub!
2021-06-13 23:20:22,974	saint_helix	YEP DICKS
2021-06-13 23:20:36,888	gellybellly	YEP COCK
2021-06-13 23:20:46,927	shettydon99	YEP COCK
2021-06-13 23:20:48,253	lowratedhighlander	DIDSOMEONESAYCOCK
2021-06-13 23:20:51,646	gellybellly	weeb game??
2021-06-13 23:20:52,759	zeyzo_	MmmHmm
2021-06-13 23:21:01,007	saint_helix	Well this looks adorable.
2021-06-13 23:21:01,943	cake315	it looks great
2021-06-13 23:21:05,964	paapoweird	Slime rancher
2021-06-13 23:21:06,295	lowratedhighlander	i love it
2021-06-13 23:21:09,351	gellybellly	POGGIES
2021-06-13 23:21:09,684	lowratedhighlander	idk what it is but i love it already
2021-06-13 23:21:15,121	zeyzo_	slime rancher 2 POGGERS
2021-06-13 23:21:24,421	archit47	widepeepoHappy
2021-06-13 23:21:45,204	gellybellly	widepeepoHappy
2021-06-13 23:21:51,678	dillyydally	Csgo dead game slime fps #1
2021-06-13 23:21:58,201	zeyzo_	peepoRiot fl0m play this with the weekend crew peepoRiot
2021-06-13 23:22:07,807	shettydon99	slime rancher POGGIES
2021-06-13 23:22:08,133	zeyzo_	wait 2022 PauseFish
2021-06-13 23:22:41,284	gellybellly	i just want a new horror games
2021-06-13 23:22:44,270	gellybellly	peepoSad
2021-06-13 23:22:51,512	suprauk_	i just want a new TES
2021-06-13 23:22:53,409	suprauk_	and a new AoE
2021-06-13 23:23:01,205	suprauk_	well, maybe not AoE
2021-06-13 23:23:03,275	dillyydally	SSX TRICKY?????
2021-06-13 23:23:03,613	itsaho	PEPEDS
2021-06-13 23:23:03,937	cake315	SupraUK_ and you will let down!
2021-06-13 23:23:04,345	amj3ff	there's a second forest coming out
2021-06-13 23:23:05,556	suprauk_	But new TES peepoShy
2021-06-13 23:23:06,781	zeyzo_	This is just SNOW but implemented decent
2021-06-13 23:23:07,844	saint_helix	I just want half life 3
2021-06-13 23:23:17,150	cake315	wait hlf3
2021-06-13 23:23:19,544	suprauk_	@Cake315 won't be the first time Sadge
2021-06-13 23:23:20,582	cake315	KEKW
2021-06-13 23:23:34,144	dillyydally	Did anyone play that Steep game?
2021-06-13 23:23:34,468	moobot	www.twitter.com/fl0mtv and www.youtube.com/fl0m
2021-06-13 23:23:41,798	zeyzo_	peepoRiot Skate 4 peepoRiot
2021-06-13 23:23:47,308	cake315	SupraUK_ woudnt suprise me Keepo
2021-06-13 23:24:17,418	gellybellly	WTFF
2021-06-13 23:24:21,011	saint_helix	Ween music....
2021-06-13 23:24:21,340	cake315	this looks more like fallout then fallout
2021-06-13 23:24:24,649	saint_helix	Weird*
2021-06-13 23:24:25,046	cake315	10/10 music
2021-06-13 23:24:27,757	shettydon99	anime music
2021-06-13 23:24:32,237	paapoweird	Russians KEKW
2021-06-13 23:24:40,270	cake315	russian are just mad
2021-06-13 23:24:46,662	ridiculouszz	KEKWait people play games other than CSGO?
2021-06-13 23:24:53,551	zeyzo_	@Ridiculouszz NOPERS
2021-06-13 23:24:57,194	gellybellly	KEKWait
2021-06-13 23:24:58,772	paapoweird	Russian Hard Bass is perf though
2021-06-13 23:25:00,742	cake315	@Ridiculouszz nah we just watch the trailers
2021-06-13 23:25:08,430	saint_helix	@Ridiculouszz they're not real people.
2021-06-13 23:25:29,220	ridiculouszz	Good, I was concerned there for a second
2021-06-13 23:25:29,552	moobot	blue_circle:
2021-06-13 23:25:37,547	saint_helix	!tweet
2021-06-13 23:25:38,641	nightbot	2021-Jun-13 10:45 AM PDT: Halo free to play?!?!?!?  Did I see that right? - twitter.com/fl0mtv
2021-06-13 23:25:40,557	cake315	fl0m will you go live today?
2021-06-13 23:25:54,229	fl0m	YEP
2021-06-13 23:25:57,819	ridiculouszz	OOOO
2021-06-13 23:26:01,067	amj3ff	POGGERS
2021-06-13 23:26:01,972	fl0m	installing BF4
2021-06-13 23:26:02,418	shettydon99	OOOO
2021-06-13 23:26:06,641	cake315	wait
2021-06-13 23:26:08,784	f1nitecs	POGGIES
2021-06-13 23:26:09,115	cake315	what
2021-06-13 23:26:09,527	saint_helix	OOOO
2021-06-13 23:26:10,650	fl0m	then watching mythic cup finals
2021-06-13 23:26:18,566	fl0m	D
2021-06-13 23:26:19,901	itsaho	OOOO
2021-06-13 23:26:24,001	cake315	cases?
2021-06-13 23:26:24,332	gellybellly	@fl0m are you opening cases today?
2021-06-13 23:26:25,475	shettydon99	BF4 OOOO
2021-06-13 23:26:28,159	ridiculouszz	%? fl0m opens cases as soon as the stream starts
2021-06-13 23:26:28,588	nightbot	Joris says 78%
2021-06-13 23:26:32,644	ridiculouszz	NODDERS
2021-06-13 23:26:34,732	cake315	open cases or just GIFF ME KNIEF
2021-06-13 23:26:35,125	fl0m	we should open cases today monkaHmm
2021-06-13 23:26:37,399	lowratedhighlander	BF4 Pog
2021-06-13 23:26:39,071	gellybellly	OOOO
2021-06-13 23:26:39,922	paapoweird	Weekend boys > Cases
2021-06-13 23:26:40,497	suprauk_	we should
2021-06-13 23:26:47,316	dweevers	fl0m you need at least 4 more sets of gloves KEKW
2021-06-13 23:26:49,774	lowratedhighlander	HYPERNODDERS more cases pls
2021-06-13 23:26:50,710	fl0m	but when monkaHmm
2021-06-13 23:26:52,939	f1nitecs	Haven't you already played BF4 for Sunday bois? or did you have to uninstall for more room for warzone KEKPOINT
2021-06-13 23:26:54,653	itsaho	Now?
2021-06-13 23:27:04,523	ridiculouszz	KEKWait is weekend boys now?
2021-06-13 23:27:13,852	saint_helix	ZIPLINING
2021-06-13 23:27:28,388	saint_helix	SITTING
2021-06-13 23:27:38,388	gellybellly	MUSHROOM
2021-06-13 23:27:41,224	archit47	open cases now peepoRiot
2021-06-13 23:27:44,549	itsaho	This game was fun but ran out of content so fast
2021-06-13 23:27:48,906	gellybellly	monkaW
2021-06-13 23:27:51,212	lowratedhighlander	monkaHmm
2021-06-13 23:27:52,076	archit47	jesus what is this game
2021-06-13 23:27:53,982	lowratedhighlander	monkaW
2021-06-13 23:27:55,253	archit47	monkaW
2021-06-13 23:28:15,519	paapoweird	KEKW I love that they added arachnophobia mode
2021-06-13 23:28:16,810	cake315	6/10 Keepo
2021-06-13 23:28:27,395	suprauk_	oh no
2021-06-13 23:28:28,192	gellybellly	KEKW
2021-06-13 23:28:32,455	amj3ff	amongus
2021-06-13 23:28:32,793	suprauk_	get me out
2021-06-13 23:28:33,116	gellybellly	amongus
2021-06-13 23:28:38,926	f1nitecs	amingbong
2021-06-13 23:28:40,572	suprauk_	a m D: g u s
2021-06-13 23:28:45,658	shettydon99	KEKW
2021-06-13 23:28:45,995	ridiculouszz	peepoLeaveFinger
2021-06-13 23:28:50,440	archit47	peepoLeaveFinger
2021-06-13 23:28:51,711	amj3ff	s u s s u s s u s s u s
2021-06-13 23:28:53,324	lowratedhighlander	Battlefield among us
2021-06-13 23:28:54,360	itsaho	Guns?
2021-06-13 23:28:57,104	lowratedhighlander	so many players
2021-06-13 23:29:01,921	shettydon99	oh not this dead game again man amongus
2021-06-13 23:29:13,262	ridiculouszz	LowRatedHighlander KEKPOINT
2021-06-13 23:29:22,754	cake315	nice some jrpgs
2021-06-13 23:29:27,514	gellybellly	weeb game OOOO
2021-06-13 23:29:32,005	cake315	need to supoort the weebs
2021-06-13 23:29:32,694	suprauk_	weebs out 👉 🚪
2021-06-13 23:29:42,344	paapoweird	AYAYA
2021-06-13 23:29:42,683	ridiculouszz	peepoArrive
2021-06-13 23:29:43,433	archit47	AYAYA shelbAYAYA
2021-06-13 23:29:44,289	gellybellly	AYAYA
2021-06-13 23:29:47,374	synth3t1k1337	AYAYA
2021-06-13 23:29:48,540	shettydon99	AYAYA
2021-06-13 23:29:50,395	ridiculouszz	AYAYA
2021-06-13 23:29:57,180	f1nitecs	Stab AYAYA
2021-06-13 23:29:57,517	rennerr	AYAYA
2021-06-13 23:29:59,335	lowratedhighlander	AYAYA
2021-06-13 23:30:13,584	gellybellly	uwu
2021-06-13 23:30:16,318	cake315	but where is my big titties gf in this trailer?
2021-06-13 23:30:18,972	archit47	owo
2021-06-13 23:30:22,687	paapoweird	That's actually hype
2021-06-13 23:30:33,920	lowratedhighlander	!catgirl2
2021-06-13 23:30:34,292	nightbot	*pounces on you. notices your bulge.* UwU
2021-06-13 23:30:37,349	dweevers	lol 2023
2021-06-13 23:30:41,492	nightbot	Hey! You! Did you know fl0m now has a THIRD Youtube Channel? Well now you do! GO SUBSCRIBE!!! Quick Fl0m: https://www.youtube.com/channel/UCr3zM_ina0NwCcOi7tr2LBQ
2021-06-13 23:30:43,031	paapoweird	Well. At least we get Rising next year lmfao
2021-06-13 23:30:57,846	suprauk_	2077 KEKPOINT
2021-06-13 23:31:04,531	suprauk_	oh no, it's dying agane
2021-06-13 23:31:06,070	saint_helix	Stab AYAYA
2021-06-13 23:31:17,373	paapoweird	I think that one may have been intentional
2021-06-13 23:31:25,593	paapoweird	Unlike rat game
2021-06-13 23:31:28,062	nightbot	fl0m is now officially sponsored by GFUEL! Save 30% on your purchase by following the link and using code "DMCA" or "fl0m" at checkout! https://gfuel.com/pages/fl0m
2021-06-13 23:31:33,915	cake315	wait is this aoe?
2021-06-13 23:31:37,873	dweevers	PauseFish SupraUK_
2021-06-13 23:31:40,239	suprauk_	AoE Pog
2021-06-13 23:31:41,962	saint_helix	Wait
2021-06-13 23:31:42,295	suprauk_	Actual AoE
2021-06-13 23:31:46,223	suprauk_	the OST
2021-06-13 23:31:46,748	saint_helix	PauseFish
2021-06-13 23:31:47,087	gellybellly	OOOO
2021-06-13 23:31:52,915	suprauk_	OOOO
2021-06-13 23:31:53,252	archit47	OOOO
2021-06-13 23:31:58,974	shettydon99	OOOO Aoe
2021-06-13 23:32:00,079	cake315	its dead already Kappa
2021-06-13 23:32:15,673	saint_helix	Gross RTS
2021-06-13 23:32:25,692	nightbot	Follow the link to join fl0m's discord and come hang out with his ever growing community https://discord.gg/fl0m | Make sure to link your twitch to discord if you're a sub!
2021-06-13 23:32:29,337	suprauk_	WOLOLO BLELELE
2021-06-13 23:32:35,610	paapoweird	WOLOLO
2021-06-13 23:32:44,606	f1nitecs	Did anyone play Stronghold RTS games?
2021-06-13 23:32:45,827	archit47	trebuchet OOOO
2021-06-13 23:32:46,933	dweevers	fl0mGasm
2021-06-13 23:32:48,372	synth3t1k1337	Pog
2021-06-13 23:32:55,017	suprauk_	kinda pog, man
2021-06-13 23:33:04,339	shettydon99	Pog AoE
2021-06-13 23:33:12,587	cardboardtoast	hopefully the game looks a little better than that... kinda looks like the graphics from aoe3
2021-06-13 23:33:19,334	nightbot	Latest video: How a CS:GO Pro LOST HIS MIND Playing Matchmaking! - https://youtu.be/y0pfIuTyfdQ
2021-06-13 23:33:30,158	ridiculouszz	!1deag
2021-06-13 23:33:30,754	nightbot	Ridiculouszz pops a 1deag on scriptorex 1TAP
2021-06-13 23:33:34,350	f1nitecs	monkaGIGA
2021-06-13 23:33:35,937	gellybellly	monkaW
2021-06-13 23:33:38,760	archit47	monkaW
2021-06-13 23:33:47,262	gellybellly	PeepoRunCry
2021-06-13 23:33:54,177	shettydon99	monkaW
2021-06-13 23:33:54,515	archit47	this narration sucks
2021-06-13 23:34:06,084	f1nitecs	Game marketing managers are becoming self-aware KEKPOINT
2021-06-13 23:34:06,516	paapoweird	The narration is 5Head
2021-06-13 23:34:11,704	cake315	the narration is something diffrent
2021-06-13 23:34:16,740	suprauk_	self-awareness 10/10
2021-06-13 23:34:20,613	synth3t1k1337	the promobot has become self aware
2021-06-13 23:34:31,435	archit47	OMEGALUL
2021-06-13 23:34:33,712	archit47	title reveal
2021-06-13 23:34:35,333	paapoweird	WAIT YES
2021-06-13 23:34:37,809	saint_helix	The moon from Futurama?
2021-06-13 23:34:50,082	paapoweird	WHY IS IT CONSOLE EXCLUSIVE
2021-06-13 23:34:51,092	cake315	isnt the moon out of cheese?
2021-06-13 23:35:02,005	essuvee	always has been
2021-06-13 23:35:03,082	paapoweird	yes Cake315 , confirmed
2021-06-13 23:35:07,880	cake315	is it console exclusive?
2021-06-13 23:35:09,166	itsaho	Did it say console exclusive or console launch exclusive
2021-06-13 23:35:11,478	archit47	Simulation game
2021-06-13 23:35:13,041	archit47	PauseFish
2021-06-13 23:35:13,923	suprauk_	i have work tomorrow and the PC gamer segment is at 12:30am FML
2021-06-13 23:35:14,252	dweevers	paapoWeird just means it's not on ps5 it will be on PC
2021-06-13 23:35:20,300	suprauk_	Flight simulator
2021-06-13 23:35:28,125	archit47	HYPERNODDERS
2021-06-13 23:35:28,458	cake315	@paapoWeird thanks i was worried for a second
2021-06-13 23:35:30,354	paapoweird	dweevers Oh thank god, was gonna be sad
2021-06-13 23:35:30,688	moobot	blue_circle:
2021-06-13 23:35:32,109	gellybellly	OOOO
2021-06-13 23:35:36,818	ridiculouszz	SupraUK_ skip sleep EZ
2021-06-13 23:35:41,054	f1nitecs	MFS?
2021-06-13 23:35:42,360	archit47	this game is actually Pog
2021-06-13 23:35:53,271	dweevers	paapoWeird that is the difference between "console exclusive" and "xbox exclusive"
2021-06-13 23:35:56,578	paapoweird	I remember watching my dad land a 747 on the Golden Gate Bridge in a Flight Sim ages ago
2021-06-13 23:36:06,260	suprauk_	i loved FS2000
2021-06-13 23:36:06,590	itsaho	I was so hyped to buy a 3080 and play this game. Now when i see it im disappointed
2021-06-13 23:36:10,287	paapoweird	737*
2021-06-13 23:36:27,591	suprauk_	Or was it 1998, i don't remember
2021-06-13 23:36:30,305	archit47	I love how this game loads real time data
2021-06-13 23:36:58,130	cake315	SupraUK_ doesnt matter you are just old
2021-06-13 23:36:58,673	suprauk_	@Archit47 it has to, otherwise the filesize would be yuge
2021-06-13 23:37:05,238	suprauk_	@Cake315 BOOMER
2021-06-13 23:37:07,524	archit47	tru
2021-06-13 23:37:12,470	f1nitecs	paapoWeird there's a video of a guy landing a big ass plane on a an aircraft carrier but it might have been the equivalent of no_clip just smoothed out
2021-06-13 23:37:33,125	suprauk_	Crab Rave PauseFish
2021-06-13 23:37:42,440	amj3ff	PauseFish
2021-06-13 23:37:45,952	saint_helix	Preeetttyyty
2021-06-13 23:37:47,418	cake315	crab rave in middle of a trailer would be great
2021-06-13 23:37:48,540	suprauk_	Forza?
2021-06-13 23:37:51,036	cake315	ye
2021-06-13 23:37:51,699	suprauk_	Pog Forza
2021-06-13 23:37:52,701	paapoweird	I've listened to the 10 hour version of crab rave more than once
2021-06-13 23:37:53,772	archit47	Forza OOOO
2021-06-13 23:37:56,540	zeyzo_	HYPERNODDERS
2021-06-13 23:37:59,243	saint_helix	Wheeeee
2021-06-13 23:38:00,506	suprauk_	ooohhhhhhhhh shiiiiiiiiiiiiiit
2021-06-13 23:38:07,248	gellybellly	vroom vroom!!
2021-06-13 23:38:07,583	f1nitecs	Horizons 5?
2021-06-13 23:38:10,122	gellybellly	OOOO
2021-06-13 23:38:10,463	suprauk_	It's actually based in Mexico
2021-06-13 23:38:12,180	archit47	so good OOOO
2021-06-13 23:38:19,688	suprauk_	hyyyyyyyyyyype
2021-06-13 23:38:23,580	cake315	what is this music
2021-06-13 23:38:32,571	suprauk_	music sux, yes
2021-06-13 23:38:37,410	a3ez	crew 3?
2021-06-13 23:38:45,541	shettydon99	music is bad whyy you do this to ne
2021-06-13 23:38:46,663	amj3ff	self driving cars POGGERS
2021-06-13 23:38:47,321	cake315	forzaaa
2021-06-13 23:39:05,781	f1nitecs	I'll probably the first car game that features the Mclaren Artura. F1 2020 is getting kinda old
2021-06-13 23:39:07,608	archit47	POGGERS
2021-06-13 23:39:08,051	cake315	@amj3ff sponsored by googles AI
2021-06-13 23:39:13,533	amj3ff	KEKW
2021-06-13 23:39:13,871	suprauk_	kinda Pog
2021-06-13 23:39:15,796	archit47	ACTUALLY GOOD GAMES
2021-06-13 23:39:26,373	gellybellly	hello
2021-06-13 23:39:42,393	shettydon99	Pog
2021-06-13 23:39:46,383	cake315	SupraUK_ no TES for you
2021-06-13 23:39:47,663	zeyzo_	Sadge no more good cars in fh4
2021-06-13 23:39:48,805	archit47	Pog
2021-06-13 23:39:51,398	gellybellly	Pog
2021-06-13 23:39:52,509	suprauk_	@Cake315 bish
2021-06-13 23:39:58,359	archit47	Ray Tracing Pog
2021-06-13 23:39:59,449	itsaho	Im tired of the horizon games, I want a good motorsports game again
2021-06-13 23:40:03,602	cake315	i will remind you daily now Kappa
2021-06-13 23:40:14,993	f1nitecs	ItsAho F1 2021 PauseFish
2021-06-13 23:40:15,322	archit47	@ItsAho Project Cars
2021-06-13 23:40:15,650	nightbot	Follow the link to join fl0m's discord and come hang out with his ever growing community https://discord.gg/fl0m | Make sure to link your twitch to discord if you're a sub!
2021-06-13 23:40:24,206	suprauk_	i skipped FH4 for some reason and that was based in 3Head land
2021-06-13 23:40:27,795	shettydon99	ray tracing POGGIES
2021-06-13 23:40:35,470	gloryd	monkaSTEER
2021-06-13 23:40:36,984	archit47	Forza Horizon was Pog
2021-06-13 23:40:41,468	gellybellly	monkaSTEER
2021-06-13 23:40:44,244	archit47	I played it when I had game pass
2021-06-13 23:41:26,546	gloryd	KEKW @gellybellly
2021-06-13 23:41:40,538	gellybellly	peepoGiggles
2021-06-13 23:41:41,413	gloryd	monkaSTEER gotta go fast
2021-06-13 23:41:45,367	f1nitecs	Imagine driving into a.... "export" air strip or production area in the jungle KEKW
2021-06-13 23:41:48,551	archit47	I doubt it gets this good fps with ray tracing on
2021-06-13 23:41:59,596	gellybellly	monkaSTEER cars go vroom vroom!
2021-06-13 23:42:07,823	suprauk_	unrealistic, no one griefed him
2021-06-13 23:42:30,000	gloryd	but can I get out of my car Kappa
2021-06-13 23:42:37,358	zeyzo_	@SupraUK_ no way he would make 1 clean pass let alone all of it
2021-06-13 23:42:44,715	suprauk_	NODDERS
2021-06-13 23:42:46,513	cake315	its not unrealistic there is just nobody online atm execpt him
2021-06-13 23:42:54,258	archit47	kinda Pog
2021-06-13 23:42:56,329	suprauk_	i need a GPU, screw  you chip shortage fl0mB
2021-06-13 23:43:06,548	archit47	GPU in 2021 KEKPOINT
2021-06-13 23:43:09,090	gloryd	pepeClap very nice visuals
2021-06-13 23:43:12,570	zeyzo_	what do you have rn SupraUK_
2021-06-13 23:43:12,894	suprauk_	don't think my Vega 64 will cut it for these games
2021-06-13 23:43:13,270	itsaho	Was that a k series buggy?
2021-06-13 23:43:35,849	f1nitecs	Archit47 NODDERS I bet everything except a 3090/ 6900xt gets absolutely melted by this game
2021-06-13 23:43:38,962	suprauk_	modCheck Supra MK4 modCheck
2021-06-13 23:43:40,239	archit47	I know someone who has a pc ready and working without GPU for 8 months now
2021-06-13 23:43:46,824	archit47	peepoSad
2021-06-13 23:43:51,601	suprauk_	sadgeBusinessTime
2021-06-13 23:43:53,090	zeyzo_	@SupraUK_ mk5 modCheck
2021-06-13 23:44:46,104	gloryd	god rays
2021-06-13 23:44:48,543	gloryd	POGGIES
2021-06-13 23:44:49,154	cake315	are these eletronic cars?
2021-06-13 23:45:19,637	nightbot	Hey! You! Did you know fl0m now has a THIRD Youtube Channel? Well now you do! GO SUBSCRIBE!!! Quick Fl0m: https://www.youtube.com/channel/UCr3zM_ina0NwCcOi7tr2LBQ
2021-06-13 23:45:29,926	suprauk_	better comms than any of my pugs
2021-06-13 23:45:32,382	fl0m	almost all hyper cars are hybrids now Cake315
2021-06-13 23:45:32,714	moobot	blue_circle:
2021-06-13 23:45:40,165	gloryd	KEKW
2021-06-13 23:45:47,276	archit47	the future is electric NODDERS
2021-06-13 23:45:53,917	cake315	fl0m why do you know this?
2021-06-13 23:45:55,851	f1nitecs	Scripted game reveal coms always irritate me
2021-06-13 23:46:02,459	suprauk_	@Cake315 he ordered one or two
2021-06-13 23:46:03,460	fl0m	love cars
2021-06-13 23:46:14,178	nightbot	Latest video: How a CS:GO Pro LOST HIS MIND Playing Matchmaking! - https://youtu.be/y0pfIuTyfdQ
2021-06-13 23:46:19,566	fl0m	family got a couple of mechanics so i grew up around them a bit
2021-06-13 23:46:21,243	f1nitecs	!late2
2021-06-13 23:46:21,575	nightbot	There once was a man from Las Vegas fl0mW who's stream was rumored to save us fl0mW but alas he was never on time fl0mW and we were forced to watch some guy named Davis fl0mW
2021-06-13 23:46:27,143	paapoweird	fl0m definitely ordered a Plaid NODDERS
2021-06-13 23:46:29,521	cake315	ah the reason the house is sold because fl0m bought some racing cars
2021-06-13 23:46:36,693	archit47	fl0m would never be late
2021-06-13 23:46:39,829	archit47	PEPEDS
2021-06-13 23:46:40,962	uwotm08	HeyGuys
2021-06-13 23:46:41,644	itsaho	Hyper cars are cool and all but i like my ls swapped shitbox
2021-06-13 23:46:43,967	cake315	he is a wizard
2021-06-13 23:46:44,784	suprauk_	showed 30 games
2021-06-13 23:46:49,054	suprauk_	none of them were TES
2021-06-13 23:46:55,331	cake315	just give up
2021-06-13 23:47:00,574	suprauk_	never
2021-06-13 23:47:02,156	cake315	bruh
2021-06-13 23:47:03,031	f1nitecs	SupraUK_ I already explained it to you KEKW
2021-06-13 23:47:14,037	paapoweird	TES in 2023 cause Bethesda has to actually fix bugs now KEKW
2021-06-13 23:47:17,737	suprauk_	i'm a glass-barely-full kinda person
2021-06-13 23:47:27,911	suprauk_	Pog mentioned
2021-06-13 23:47:29,239	suprauk_	fuck you all
2021-06-13 23:47:51,907	dweevers	SupraUK_ we won't get anything for TES until Starfield is done
2021-06-13 23:47:58,829	gellybellly	!1deag
2021-06-13 23:47:59,165	nightbot	gellybellly pops a 1deag on diaz1 1TAP
2021-06-13 23:47:59,665	suprauk_	Sadge
2021-06-13 23:48:01,198	f1nitecs	dweevers exectly that
2021-06-13 23:48:09,119	diaz1	sadgeiPeepo
2021-06-13 23:48:14,577	archit47	for real tho Forza Horizon is the best open world car sim
2021-06-13 23:48:15,717	suprauk_	tbh i need a GPU more than I need TES
2021-06-13 23:48:16,582	f1nitecs	Plus most of the ES team is finishing ESO
2021-06-13 23:48:20,086	gellybellly	get rekt @diaz1
2021-06-13 23:48:24,334	suprauk_	and i probably need a CPU more than i need a GPU
2021-06-13 23:48:30,886	diaz1	sadgeiPeepo 🖕
2021-06-13 23:48:32,672	dreamshadow0	!tweet
2021-06-13 23:48:33,479	nightbot	2021-Jun-13 10:45 AM PDT: Halo free to play?!?!?!?  Did I see that right? - twitter.com/fl0mtv
2021-06-13 23:48:36,728	zeyzo_	@SupraUK_ PauseFish no cpu?
2021-06-13 23:48:43,275	archit47	GPU shortage is worse than CPU
2021-06-13 23:48:43,949	suprauk_	I'm on a 1600x KEKPOINT
2021-06-13 23:48:49,652	gellybellly	@diaz1 fl0mFU
2021-06-13 23:48:52,623	itsaho	I've waited so long to get a new gpu im just going to have to build a whole new pc
2021-06-13 23:49:03,110	gloryd	!1deag
2021-06-13 23:49:06,555	nightbot	GloryD pops a 1deag on petmik1 1TAP
2021-06-13 23:49:06,886	zeyzo_	r5 2600 over here Sadge
2021-06-13 23:49:18,836	suprauk_	I want a 5800x/5900x
2021-06-13 23:49:20,067	archit47	I play on a laptop dudes KEKW
2021-06-13 23:49:27,448	f1nitecs	Zeyzo_ same here but it's does everything well still!
2021-06-13 23:49:33,950	archit47	with a 1650 and i5-9300H
2021-06-13 23:49:43,583	zeyzo_	thing is Im also chilling on a 3060 EZ
2021-06-13 23:50:08,611	itsaho	@Zeyzo_ 1080 or 1440?
2021-06-13 23:50:17,992	dweevers	I'm on a 10700k and a 3080 EZ
2021-06-13 23:50:19,917	nightbot	fl0m is now officially sponsored by GFUEL! Save 30% on your purchase by following the link and using code "DMCA" or "fl0m" at checkout! https://gfuel.com/pages/fl0m
2021-06-13 23:50:26,191	archit47	dweevers is a chad
2021-06-13 23:50:28,435	f1nitecs	No shot that sniper is shooting that fast that's a bolt action IRL KEKW
2021-06-13 23:50:31,440	zeyzo_	1080 144hz
2021-06-13 23:50:37,479	suprauk_	look at these lot flexing, kinda paapoWeird man
2021-06-13 23:50:47,910	itsaho	Perfect setup for 1080
2021-06-13 23:50:51,375	dweevers	SupraUK_ you're just jealous!
2021-06-13 23:50:56,047	suprauk_	maybe
2021-06-13 23:50:59,614	zeyzo_	im coming for dweevers then if hes got the nasa computer
2021-06-13 23:51:10,651	archit47	you have a 3080 who won't be jealous
2021-06-13 23:51:13,163	nightbot	Follow the link to join fl0m's discord and come hang out with his ever growing community https://discord.gg/fl0m | Make sure to link your twitch to discord if you're a sub!
2021-06-13 23:51:22,552	gellybellly	!1deag
2021-06-13 23:51:26,401	nightbot	gellybellly pops a 1deag on cacemen 1TAP
2021-06-13 23:51:37,039	gloryd	so no Shadowrun? Sadge
2021-06-13 23:51:38,351	suprauk_	i want a 6800/XT tbh, but AMD isn't directly shipping to the UK due to our tax law changes recently sadgeBusinessTime
2021-06-13 23:51:45,581	suprauk_	and all shops are scalping
2021-06-13 23:52:03,779	dweevers	stupid brexit!
2021-06-13 23:52:05,832	archit47	SupraUK_ we only have a single retailer that sells Nvidia GPUs here and it's scalping all of them
2021-06-13 23:52:06,910	zeyzo_	@ItsAho might uprade the cpu at some point next year and use leftovers
2021-06-13 23:52:18,609	f1nitecs	SupraUK_ I have a 5700xt and it's nearly tripled in value
2021-06-13 23:52:20,638	archit47	so we have 0 supply of GPUs whatsoever
2021-06-13 23:52:25,190	zeyzo_	KEKPOINT UK
2021-06-13 23:52:40,833	uwotm08	@SupraUK_ AMD is shipping literally nowhere right now
2021-06-13 23:52:41,162	suprauk_	@F1niteCS my Vega 64 would sell for 50% more than what i paid for it 3 years ago
2021-06-13 23:53:06,286	archit47	people are buying overpriced 1660TIs
2021-06-13 23:53:08,328	archit47	OMEGALUL
2021-06-13 23:53:24,360	uwotm08	@Archit47 That single retailer is probably just passing on the cost from the importer onto you. It's not all the retailer's fault (though of course they take their margin).
2021-06-13 23:53:29,322	f1nitecs	Wasn't the vega line supposed to compete with nvidea's workbench oriented GPUs? Why did you get it?
2021-06-13 23:53:35,628	itsaho	I convinced a dumb best buy employee to let me buy a 3080ti before it actually launched and i was going to pick it up the next day but it apparently got sold by accident
2021-06-13 23:53:51,295	uwotm08	I'm really hoping that my GTX1080 will last another year. It's been repaired twice already.
2021-06-13 23:53:57,463	suprauk_	@F1niteCS no that was something else, these are consumer grade GPUs
2021-06-13 23:54:05,839	archit47	@Uwotm08 that single retailer's website goes down everytime there is a sale and when it goes back up all the stock is gone
2021-06-13 23:54:14,333	archit47	so they are just scalping them for higher prices
2021-06-13 23:54:19,909	dweevers	!1deag
2021-06-13 23:54:20,377	nightbot	dweevers pops a 1deag on forefronts 1TAP
2021-06-13 23:54:31,858	uwotm08	@Archit47 or they get hammered by thousands of bots on AWS
2021-06-13 23:54:32,471	fl0m	ok
2021-06-13 23:54:35,097	fl0m	we go live in 10
2021-06-13 23:54:40,245	itsaho	OOOO
2021-06-13 23:54:40,581	paapoweird	POGGERS
2021-06-13 23:54:43,065	f1nitecs	POGSLIDE POGSLIDE POGSLIDE POGSLIDE POGSLIDE
2021-06-13 23:54:46,859	dweevers	chat... I got watch ⚽ now!
2021-06-13 23:54:48,775	shettydon99	OOOO OOOO OOOO
2021-06-13 23:54:57,065	f1nitecs	dweevers PEPEDS
2021-06-13 23:54:59,624	uwotm08	POGSLIDE POGSLIDE POGSLIDE POGSLIDE POGSLIDE POGSLIDE POGSLIDE POGSLIDE POGSLIDE POGSLIDE
2021-06-13 23:55:05,809	archit47	@Uwotm08 there are no actual people getting anything either way
2021-06-13 23:55:07,812	archit47	it's sad
2021-06-13 23:55:12,921	dreamshadow0	OOOO
2021-06-13 23:55:21,720	uwotm08	Eventually people buy these cards.
2021-06-13 23:55:33,114	archit47	fuck scalpers
2021-06-13 23:55:35,262	lowratedhighlander	wait. so actualy live in 20? KEKWait
2021-06-13 23:55:35,599	moobot	blue_circle:
2021-06-13 23:55:39,367	uwotm08	Fuck scalpers.
2021-06-13 23:56:13,357	zeyzo_	why was among us in here KEKWait
2021-06-13 23:56:42,626	archit47	because sus
2021-06-13 23:56:52,178	itsaho	Embracing the meme
2021-06-13 23:56:57,479	zeyzo_	KEKW
2021-06-13 23:56:59,520	suprauk_	KEKPOINT
2021-06-13 23:57:07,343	itsaho	Fuck it imma buy it
2021-06-13 23:57:09,314	paapoweird	I mean. At least they embraced the box KEKPOINT
2021-06-13 23:57:09,649	essuvee	ugh my kid will want one of those
2021-06-13 23:57:23,355	archit47	fl0m always goes live when it's midnight here fl0mSlam
2021-06-13 23:57:26,545	gellybellly	bye chat peepoBlanket peepoLeaveFinger
2021-06-13 23:57:40,389	f1nitecs	That get's me thinking, honestly surprised Apple hasn't made a mini-fridge that costs $400.
2021-06-13 23:57:40,740	archit47	bye gelly
2021-06-13 23:57:46,178	paapoweird	No kids = no problems 5Head
2021-06-13 23:57:46,606	uwotm08	Time to make some dinner, bbl.
2021-06-13 23:57:51,517	ridiculouszz	goodnight gelly
2021-06-13 23:57:51,849	archit47	I'm gonna sleep too peepoBlanket
2021-06-13 23:57:58,581	zeyzo_	bye gelly fl0mFU
2021-06-13 23:57:59,143	ridiculouszz	peepoPat Archit47
2021-06-13 23:58:10,578	gellybellly	fl0mFU fl0mFU fl0mFU fl0mFU
2021-06-13 23:58:10,909	paapoweird	gnight UK chat
